{"t": null, "id": 958042946674274305, "content": "The Guardian view on Ikea: furnishing the modern world | Editorial https://t.co/q5FPenErw9", "source": "SocialFlow", "fav_count": 13, "retweet_count": 5, "mentions": [], "hashtags": [], "location": "London"}
{"t": null, "id": 958041928976752640, "content": "Squalid homes: Corbyn says government \u2018in pockets of landlords\u2019 https://t.co/xnmLpwROD0", "source": "SocialFlow", "fav_count": 19, "retweet_count": 10, "mentions": [], "hashtags": [], "location": "London"}
{"t": null, "id": 958041530765332481, "content": "How to end speculation and squalor in housing | Letters https://t.co/NuBq6wNxND", "source": "SocialFlow", "fav_count": 11, "retweet_count": 6, "mentions": [], "hashtags": [], "location": "London"}
{"t": null, "id": 958038233216176129, "content": "We need to rethink our resistance to Donald Trump\u2019s ideas https://t.co/hOvPZtB5cv", "source": "SocialFlow", "fav_count": 33, "retweet_count": 11, "mentions": [], "hashtags": [], "location": "London"}
{"t": null, "id": 958038233052536833, "content": "Cleveland Indians to remove divisive Chief Wahoo logo https://t.co/qSaAtdRg67 via @guardian_sport", "source": "SocialFlow", "fav_count": 39, "retweet_count": 14, "mentions": [{"id": 46403451, "indices": [82, 97], "id_str": "46403451", "screen_name": "guardian_sport", "name": "Guardian sport"}], "hashtags": [], "location": "London"}
{"t": null, "id": 958037750581743624, "content": "Have you signed up for a tracking app by mistake? https://t.co/zcYV4A4Tvf", "source": "SocialFlow", "fav_count": 12, "retweet_count": 14, "mentions": [], "hashtags": [], "location": "London"}
{"t": null, "id": 958037318333591552, "content": "Lord Patten calls on Theresa May to challenge China over Hong Kong https://t.co/86pX53lrwe", "source": "SocialFlow", "fav_count": 19, "retweet_count": 14, "mentions": [], "hashtags": [], "location": "London"}
{"t": null, "id": 958036888887156736, "content": "Get Inspector Montalbano on to Guillermo del Toro\u2019s case | Brief letters https://t.co/1qqVlXiTxJ", "source": "SocialFlow", "fav_count": 16, "retweet_count": 9, "mentions": [], "hashtags": [], "location": "London"}
{"t": null, "id": 958033603325321216, "content": "Mauritania failing to tackle pervasive slavery, says African Union https://t.co/zZEKzYtCiN", "source": "SocialFlow", "fav_count": 15, "retweet_count": 30, "mentions": [], "hashtags": [], "location": "London"}
{"t": null, "id": 958033358348529664, "content": "The Tories are ready to leap into the abyss to get rid of Theresa May | Katy Balls https://t.co/6UMx9XN80x", "source": "SocialFlow", "fav_count": 35, "retweet_count": 29, "mentions": [], "hashtags": [], "location": "London"}
{"t": null, "id": 958033358226952198, "content": "David Beckham announces launch of his MLS Miami team https://t.co/0Qhcx88OBt via @guardian_sport", "source": "SocialFlow", "fav_count": 36, "retweet_count": 21, "mentions": [{"id": 46403451, "indices": [81, 96], "id_str": "46403451", "screen_name": "guardian_sport", "name": "Guardian sport"}], "hashtags": [], "location": "London"}
{"t": null, "id": 958032740393324544, "content": "'There is no peace': traumatised Rohingya vow they won't go back to Myanmar https://t.co/Qbxyv645Ss", "source": "SocialFlow", "fav_count": 19, "retweet_count": 18, "mentions": [], "hashtags": [], "location": "London"}
{"t": null, "id": 958029207594061824, "content": "Indonesian police in Aceh province cut hair of transgender women https://t.co/O6s50AiyDX", "source": "SocialFlow", "fav_count": 13, "retweet_count": 17, "mentions": [], "hashtags": [], "location": "London"}
{"t": null, "id": 958029012424626176, "content": "Vaping may raise cancer and heart disease risk, study suggests https://t.co/GM1ozArjhs", "source": "SocialFlow", "fav_count": 65, "retweet_count": 73, "mentions": [], "hashtags": [], "location": "London"}
{"t": null, "id": 958028396885430272, "content": "One in 50 of us is face blind \u2013 and many don\u2019t even realise https://t.co/tnzOWJkMqa", "source": "SocialFlow", "fav_count": 32, "retweet_count": 7, "mentions": [], "hashtags": [], "location": "London"}
{"t": null, "id": 958027844919193603, "content": "The seven apps every woman should own https://t.co/elDVYut4Qr", "source": "SocialFlow", "fav_count": 42, "retweet_count": 18, "mentions": [], "hashtags": [], "location": "London"}
{"t": null, "id": 958027703843737600, "content": "Monuments to Us: why art should be preserving unsung legacies https://t.co/xs8xulq506", "source": "SocialFlow", "fav_count": 31, "retweet_count": 17, "mentions": [], "hashtags": [], "location": "London"}
{"t": null, "id": 958025668578639873, "content": "Ellen DeGeneres at 60: from stand up comedian to much-loved star https://t.co/ylVSDkl2Vv", "source": "Media Studio", "fav_count": 374, "retweet_count": 169, "mentions": [], "hashtags": [], "location": "London"}
{"t": null, "id": 958024824428924928, "content": "Charity Commission investigates far-right groups' work with homeless people https://t.co/WHDi0YkPBp", "source": "SocialFlow", "fav_count": 18, "retweet_count": 10, "mentions": [], "hashtags": [], "location": "London"}
{"t": null, "id": 958024824399585281, "content": "Asleep in Albion: The Libertines reveal name of their Margate hotel https://t.co/tKX6ABaMay", "source": "SocialFlow", "fav_count": 25, "retweet_count": 12, "mentions": [], "hashtags": [], "location": "London"}
{"t": null, "id": 958024731705344000, "content": "We are a long way from a #MeToo moment about race | Chitra Ramaswamy https://t.co/yG85Z1GOON", "source": "SocialFlow", "fav_count": 51, "retweet_count": 40, "mentions": [], "hashtags": [{"indices": [25, 31], "text": "MeToo"}], "location": "London"}
{"t": null, "id": 958024731457982464, "content": "In its desire to give Harding her say, I, Tonya seems unfair to Nancy Kerrigan | Richard Williams\u2026 https://t.co/gEgUBvbeaQ", "source": "SocialFlow", "fav_count": 13, "retweet_count": 7, "mentions": [], "hashtags": [], "location": "London"}
{"t": null, "id": 958024069886152704, "content": "Police officer rebuked over Poppi Worthington case in line for top job https://t.co/3lWoo2G4tJ", "source": "SocialFlow", "fav_count": 11, "retweet_count": 8, "mentions": [], "hashtags": [], "location": "London"}
{"t": null, "id": 958021928073113600, "content": "Six Nations 2018: how will your team perform this year? https://t.co/9bqQQBjGlg @SixNationsRugby #SixNations\u2026 https://t.co/pmJrpSGUVb", "source": "TweetDeck", "fav_count": 10, "retweet_count": 5, "mentions": [{"id": 112445008, "indices": [80, 96], "id_str": "112445008", "screen_name": "SixNationsRugby", "name": "NatWest 6 Nations"}], "hashtags": [{"indices": [97, 108], "text": "SixNations"}], "location": "London"}
{"t": null, "id": 958019999947542528, "content": "Elon Musk sells \u00a32.1m of flamethrowers in a day \u2013 plus extinguishers https://t.co/vSEuB9PF6O", "source": "SocialFlow", "fav_count": 99, "retweet_count": 36, "mentions": [], "hashtags": [], "location": "London"}
{"t": null, "id": 958019983199621121, "content": "Phil Neville says \u2018just battered the wife\u2019 tweet referred to table tennis game https://t.co/Fn2nKXbmMM via @guardian_sport", "source": "SocialFlow", "fav_count": 27, "retweet_count": 10, "mentions": [{"id": 46403451, "indices": [107, 122], "id_str": "46403451", "screen_name": "guardian_sport", "name": "Guardian sport"}], "hashtags": [], "location": "London"}
{"t": null, "id": 958019381874786310, "content": "'Professors eat their own young': how competition can stifle good science https://t.co/h51aStNym3", "source": "SocialFlow", "fav_count": 37, "retweet_count": 26, "mentions": [], "hashtags": [], "location": "London"}
{"t": null, "id": 958019052693319680, "content": "Mauritania failing to tackle pervasive slavery, says African Union https://t.co/0IOuwcY0lp", "source": "TweetDeck", "fav_count": 18, "retweet_count": 27, "mentions": [], "hashtags": [], "location": "London"}
{"t": null, "id": 958018663424159746, "content": "Youthquake: why age did matter for Corbyn in 2017 https://t.co/x4xXxjaEl3", "source": "SocialFlow", "fav_count": 18, "retweet_count": 14, "mentions": [], "hashtags": [], "location": "London"}
{"t": null, "id": 958015806364946432, "content": "Scotland\u2019s John Barclay: \u2018There is expectation on us and that\u2019s exciting\u2019 https://t.co/ZbLCZyPznU via @guardian_sport", "source": "SocialFlow", "fav_count": 13, "retweet_count": 7, "mentions": [{"id": 46403451, "indices": [102, 117], "id_str": "46403451", "screen_name": "guardian_sport", "name": "Guardian sport"}], "hashtags": [], "location": "London"}
{"t": null, "id": 958014998026047488, "content": "How to feed your gut https://t.co/q8TE2EPilv", "source": "SocialFlow", "fav_count": 48, "retweet_count": 19, "mentions": [], "hashtags": [], "location": "London"}
{"t": null, "id": 958014479509401601, "content": "Meatball mania: the top 10 Ikea products of all time \u2013 rated https://t.co/4eVpJX7lfw", "source": "SocialFlow", "fav_count": 31, "retweet_count": 9, "mentions": [], "hashtags": [], "location": "London"}
{"t": null, "id": 958011799403728898, "content": "J\u00fcrgen Klopp claims Liverpool FA Cup tie was cut short on broadcaster\u2019s orders https://t.co/TfP6VrFFOL via @guardian_sport", "source": "SocialFlow", "fav_count": 19, "retweet_count": 13, "mentions": [{"id": 46403451, "indices": [107, 122], "id_str": "46403451", "screen_name": "guardian_sport", "name": "Guardian sport"}], "hashtags": [], "location": "London"}
{"t": null, "id": 958009425033355264, "content": "Turner painting export bar imposed in bid to keep artwork in UK https://t.co/HHz70DCynx", "source": "SocialFlow", "fav_count": 33, "retweet_count": 20, "mentions": [], "hashtags": [], "location": "London"}
{"t": null, "id": 958007807189684225, "content": "The Fiver | An exhausting night out web-slinging https://t.co/c9TwOp2aCd via @guardian_sport", "source": "SocialFlow", "fav_count": 7, "retweet_count": 7, "mentions": [{"id": 46403451, "indices": [77, 92], "id_str": "46403451", "screen_name": "guardian_sport", "name": "Guardian sport"}], "hashtags": [], "location": "London"}
{"t": null, "id": 958007807164502016, "content": "Worried about Strava? It\u2019s not the only app mapping our every move | Keza MacDonald https://t.co/eZMIfhDaQm", "source": "SocialFlow", "fav_count": 42, "retweet_count": 27, "mentions": [], "hashtags": [], "location": "London"}
{"t": null, "id": 958006835218403330, "content": "All things bright: readers' photos on the theme of gold https://t.co/VtJ1fjKY3Y https://t.co/RqVNou7WQT", "source": "TweetDeck", "fav_count": 42, "retweet_count": 19, "mentions": [], "hashtags": [], "location": "London"}
{"t": null, "id": 958006413112020992, "content": "Kochs and their donors worry Trump is jeopardizing GOP chances in midterms https://t.co/4ZXTDg63Kd", "source": "SocialFlow", "fav_count": 36, "retweet_count": 26, "mentions": [], "hashtags": [], "location": "London"}
{"t": null, "id": 958003966633181184, "content": "People traffickers fire at refugees, forcing them into sea off Yemen coast https://t.co/Zk1mLRYFQO", "source": "SocialFlow", "fav_count": 21, "retweet_count": 36, "mentions": [], "hashtags": [], "location": "London"}
{"t": null, "id": 958003954834640896, "content": "Grenfell fire: pensioner suffers heart attack while revisiting bedsit https://t.co/BWt371DNPS", "source": "SocialFlow", "fav_count": 19, "retweet_count": 21, "mentions": [], "hashtags": [], "location": "London"}
{"t": null, "id": 958002358184706048, "content": "Arctic Monkeys announce first live dates since 2014 https://t.co/QHTwVfQ48Z", "source": "SocialFlow", "fav_count": 133, "retweet_count": 43, "mentions": [], "hashtags": [], "location": "London"}
{"t": null, "id": 958001955883937792, "content": "A night of protest at the Grammys 2018 \u2013\u00a0video  https://t.co/RkxbhMwMLh", "source": "SocialFlow", "fav_count": 46, "retweet_count": 17, "mentions": [], "hashtags": [], "location": "London"}
{"t": null, "id": 958001813097275393, "content": "What's behind rich people pretending to be self-made? https://t.co/yYHx9LtbBm", "source": "SocialFlow", "fav_count": 102, "retweet_count": 56, "mentions": [], "hashtags": [], "location": "London"}
{"t": null, "id": 958000145983049728, "content": "VW condemned for testing diesel fumes on humans and monkeys https://t.co/ibFAA7v9gH", "source": "SocialFlow", "fav_count": 58, "retweet_count": 62, "mentions": [], "hashtags": [], "location": "London"}
{"t": null, "id": 958000069923491840, "content": "Hate speech crackdown driving far-right activists to fringe sites https://t.co/LkbfRAtaNs", "source": "SocialFlow", "fav_count": 22, "retweet_count": 16, "mentions": [], "hashtags": [], "location": "London"}
{"t": null, "id": 957998644543787008, "content": "20 best recipes under \u00a310 for four people: part 1 https://t.co/wxp4BM7ZLc", "source": "SocialFlow", "fav_count": 68, "retweet_count": 10, "mentions": [], "hashtags": [], "location": "London"}
{"t": null, "id": 957998449722523648, "content": "Failing to trend: Selfie from Hell and the curse of 'viral' horror films https://t.co/X2w4od6znG", "source": "SocialFlow", "fav_count": 11, "retweet_count": 4, "mentions": [], "hashtags": [], "location": "London"}
{"t": null, "id": 957998382127173632, "content": "A night of protest at the Grammys 2018 \u2013 video https://t.co/OuMe64IuUc", "source": "SocialFlow", "fav_count": 33, "retweet_count": 12, "mentions": [], "hashtags": [], "location": "London"}
{"t": null, "id": 957997316123824128, "content": "20 best recipes under \u00a310 for four people: part 1 https://t.co/q2MOlODNfD", "source": "SocialFlow", "fav_count": 47, "retweet_count": 7, "mentions": [], "hashtags": [], "location": "London"}
{"t": null, "id": 957996994450149376, "content": "French fraud officials investigate Nutella deal that sparked brawls https://t.co/is1N1SZZGz", "source": "SocialFlow", "fav_count": 31, "retweet_count": 29, "mentions": [], "hashtags": [], "location": "London"}
{"t": null, "id": 957996994299154433, "content": "Hate speech crackdown driving far-right activists to fringe sites https://t.co/b7Elfx9MIm", "source": "SocialFlow", "fav_count": 35, "retweet_count": 24, "mentions": [], "hashtags": [], "location": "London"}
{"t": null, "id": 957995978883260416, "content": "Tom Brady ends interview after his daughter is called 'a pissant' https://t.co/80osJNgiF5 via @guardian_sport", "source": "SocialFlow", "fav_count": 38, "retweet_count": 16, "mentions": [{"id": 46403451, "indices": [94, 109], "id_str": "46403451", "screen_name": "guardian_sport", "name": "Guardian sport"}], "hashtags": [], "location": "London"}
{"t": null, "id": 957992050103865346, "content": "Amir Khan promises \u2018exciting\u2019 fight in return against Phil Lo Greco https://t.co/VUf0QeXk8X via @guardian_sport", "source": "SocialFlow", "fav_count": 9, "retweet_count": 7, "mentions": [{"id": 46403451, "indices": [96, 111], "id_str": "46403451", "screen_name": "guardian_sport", "name": "Guardian sport"}], "hashtags": [], "location": "London"}
{"t": null, "id": 957992050036756480, "content": "America's public lands belong to all of us. We owe it to ourselves to save them | Theodore Roosevelt IV https://t.co/kD4gZarW0j", "source": "SocialFlow", "fav_count": 60, "retweet_count": 33, "mentions": [], "hashtags": [], "location": "London"}
{"t": null, "id": 957989497341431808, "content": "Meatball mania: the top 10 Ikea products of all time \u2013 rated https://t.co/Cd50SmZUSK", "source": "SocialFlow", "fav_count": 44, "retweet_count": 19, "mentions": [], "hashtags": [], "location": "London"}
{"t": null, "id": 957989066515079169, "content": "Meatball mania: the top 10 Ikea products of all time \u2013 rated https://t.co/Amrzcg2xoS", "source": "SocialFlow", "fav_count": 26, "retweet_count": 9, "mentions": [], "hashtags": [], "location": "London"}
{"t": null, "id": 957988667343155200, "content": "Youthquake: why age did matter for Corbyn in 2017 https://t.co/MjiFkqeyCw", "source": "SocialFlow", "fav_count": 18, "retweet_count": 6, "mentions": [], "hashtags": [], "location": "London"}
{"t": null, "id": 957988574120439809, "content": "Buddhists, beaches and a bullfight: Monday's best photos https://t.co/QI3jVo1cP1", "source": "SocialFlow", "fav_count": 27, "retweet_count": 12, "mentions": [], "hashtags": [], "location": "London"}
{"t": null, "id": 957988153641619456, "content": "How the UK armed forces would look if you started from scratch | Ian J Keddie https://t.co/LzJOgvfG7q", "source": "SocialFlow", "fav_count": 19, "retweet_count": 14, "mentions": [], "hashtags": [], "location": "London"}
{"t": null, "id": 957987914658566144, "content": "From nowhere to conquerors of Madrid: Legan\u00e9s continue their stunning rise | Sid Lowe https://t.co/SSx1pdqUOG via @guardian_sport", "source": "SocialFlow", "fav_count": 9, "retweet_count": 6, "mentions": [{"id": 46403451, "indices": [114, 129], "id_str": "46403451", "screen_name": "guardian_sport", "name": "Guardian sport"}], "hashtags": [], "location": "London"}
{"t": null, "id": 957987449598304258, "content": "Tourists offered a night's stay in a Mumbai slum https://t.co/9nt8N6LYlo", "source": "SocialFlow", "fav_count": 16, "retweet_count": 14, "mentions": [], "hashtags": [], "location": "London"}
{"t": null, "id": 957985509124591616, "content": "'Automation will affect cities that voted heavily for Brexit': your best comments today https://t.co/RWE7tM65Yp", "source": "SocialFlow", "fav_count": 33, "retweet_count": 17, "mentions": [], "hashtags": [], "location": "London"}
{"t": null, "id": 957984352826257408, "content": "Isaiah Haastrup: doctors can stop baby's life support https://t.co/aeDeXKDE3z", "source": "SocialFlow", "fav_count": 14, "retweet_count": 6, "mentions": [], "hashtags": [], "location": "London"}
{"t": null, "id": 957984130767249408, "content": "Liverpool\u2019s Daniel Sturridge: West Brom set to beat Newcastle to loan signing https://t.co/Z0xFSQF90L via @guardian_sport", "source": "SocialFlow", "fav_count": 9, "retweet_count": 0, "mentions": [{"id": 46403451, "indices": [106, 121], "id_str": "46403451", "screen_name": "guardian_sport", "name": "Guardian sport"}], "hashtags": [], "location": "London"}
{"t": null, "id": 957984130729496576, "content": "Men-only parties are loud, uncouth and vomit-soaked. So why do we love them? | Tom Usher https://t.co/JEDepJVJAv", "source": "SocialFlow", "fav_count": 18, "retweet_count": 3, "mentions": [], "hashtags": [], "location": "London"}
{"t": null, "id": 957983589324476416, "content": "Trump's border wall: prototypes loom large, but where are the protesters? https://t.co/It2IffSn9l", "source": "SocialFlow", "fav_count": 32, "retweet_count": 14, "mentions": [], "hashtags": [], "location": "London"}
{"t": null, "id": 957983581053300736, "content": "Man admits attempted murder of four children in deliberate car crash https://t.co/Ww40d6MqI0", "source": "SocialFlow", "fav_count": 9, "retweet_count": 5, "mentions": [], "hashtags": [], "location": "London"}
{"t": null, "id": 957979565078581249, "content": "Egypt election: sole challenger to Sisi registers at last minute https://t.co/MgoP7a32Ks", "source": "SocialFlow", "fav_count": 27, "retweet_count": 16, "mentions": [], "hashtags": [], "location": "London"}
{"t": null, "id": 957979564726259713, "content": "Tourists offered a night's stay in a Mumbai slum https://t.co/v29Wh94VHB", "source": "SocialFlow", "fav_count": 19, "retweet_count": 15, "mentions": [], "hashtags": [], "location": "London"}
{"t": null, "id": 957979412431036416, "content": "How to start paying off southern Europe's debts https://t.co/Gu1iyDMOis", "source": "SocialFlow", "fav_count": 11, "retweet_count": 3, "mentions": [], "hashtags": [], "location": "London"}
{"t": null, "id": 957976132367933442, "content": "When good TV goes bad: is it game over for A Question of Sport? https://t.co/Sq1vtPWe2V", "source": "SocialFlow", "fav_count": 21, "retweet_count": 8, "mentions": [], "hashtags": [], "location": "London"}
{"t": null, "id": 957975938029031426, "content": "Brussels prepared for trade war with US if it restricts EU imports https://t.co/3xXX17W7y5", "source": "SocialFlow", "fav_count": 60, "retweet_count": 43, "mentions": [], "hashtags": [], "location": "London"}
{"t": null, "id": 957975616791416832, "content": "How to donate your hair to charity https://t.co/ZNgig6ZP8u", "source": "SocialFlow", "fav_count": 37, "retweet_count": 17, "mentions": [], "hashtags": [], "location": "London"}
{"t": null, "id": 957974957111349248, "content": "Second woman 'arrested' in Tehran for hijab protest https://t.co/aCIKPmeR1t", "source": "SocialFlow", "fav_count": 73, "retweet_count": 64, "mentions": [], "hashtags": [], "location": "London"}
{"t": null, "id": 957971576074526720, "content": "Sundance 2018: 'gay conversion' drama wins grand jury prize https://t.co/zojfYKJz57", "source": "SocialFlow", "fav_count": 45, "retweet_count": 17, "mentions": [], "hashtags": [], "location": "London"}
{"t": null, "id": 957971127632048130, "content": "Man appears in court over Hayes crash that killed three teenagers https://t.co/cVtqJQiHuZ", "source": "SocialFlow", "fav_count": 9, "retweet_count": 3, "mentions": [], "hashtags": [], "location": "London"}
{"t": null, "id": 957971060305035264, "content": "Ageless Federer outlasts rivals with 2020 Olympics a possible farewell | Kevin Mitchell https://t.co/ek3R3UMNQ6 via @guardian_sport", "source": "SocialFlow", "fav_count": 62, "retweet_count": 17, "mentions": [{"id": 46403451, "indices": [116, 131], "id_str": "46403451", "screen_name": "guardian_sport", "name": "Guardian sport"}], "hashtags": [], "location": "London"}
{"t": null, "id": 957970924858494976, "content": "Marijuana: is it time to stop using a word with racist roots? https://t.co/rxkwPj2sbq", "source": "SocialFlow", "fav_count": 86, "retweet_count": 53, "mentions": [], "hashtags": [], "location": "London"}
{"t": null, "id": 957970535677333504, "content": "Gas-fired plants to reap huge subsidies despite uncertain future https://t.co/7yPPA88SYr", "source": "SocialFlow", "fav_count": 11, "retweet_count": 9, "mentions": [], "hashtags": [], "location": "London"}
{"t": null, "id": 957969082589986816, "content": "All things bright: readers' photos on the theme of gold https://t.co/VtJ1fjtmFo https://t.co/5dLRyLfFTI", "source": "TweetDeck", "fav_count": 33, "retweet_count": 9, "mentions": [], "hashtags": [], "location": "London"}
{"t": null, "id": 957967600771850240, "content": "Selling like hot cakes: where exactly did Paul Hollywood get his Twitter followers? https://t.co/x0FwGq0hwK", "source": "SocialFlow", "fav_count": 27, "retweet_count": 17, "mentions": [], "hashtags": [], "location": "London"}
{"t": null, "id": 957967304901488640, "content": "Selling like hot cakes: where exactly did Paul Hollywood get his Twitter followers? https://t.co/Hf5Bqyylp7", "source": "SocialFlow", "fav_count": 19, "retweet_count": 11, "mentions": [], "hashtags": [], "location": "London"}
{"t": null, "id": 957967147568959488, "content": "Selling like hot cakes: where exactly did Paul Hollywood get his Twitter followers? https://t.co/bUZbG4l7NH", "source": "SocialFlow", "fav_count": 15, "retweet_count": 10, "mentions": [], "hashtags": [], "location": "London"}
{"t": null, "id": 957966718718087170, "content": "\u2018Window is closing\u2019: Tories voice fresh criticism of May https://t.co/fnCD5Y5xw5", "source": "SocialFlow", "fav_count": 19, "retweet_count": 9, "mentions": [], "hashtags": [], "location": "London"}
{"t": null, "id": 957966648643850240, "content": "Metz lost 11 of their first 12 games this season \u2013 but might just stay up https://t.co/Y833czpUDu via @guardian_sport", "source": "SocialFlow", "fav_count": 10, "retweet_count": 2, "mentions": [{"id": 46403451, "indices": [102, 117], "id_str": "46403451", "screen_name": "guardian_sport", "name": "Guardian sport"}], "hashtags": [], "location": "London"}
{"t": null, "id": 957966617073373184, "content": "Labour has to stop dithering on Brexit | Heidi Alexander and Alison McGovern https://t.co/2oqIR8kiU7", "source": "SocialFlow", "fav_count": 23, "retweet_count": 9, "mentions": [], "hashtags": [], "location": "London"}
{"t": null, "id": 957965225415860224, "content": "NHS doctor must leave the UK to look after daughter in Egypt https://t.co/IDlGAULTgD", "source": "SocialFlow", "fav_count": 28, "retweet_count": 24, "mentions": [], "hashtags": [], "location": "London"}
{"t": null, "id": 957963791425142785, "content": "Metz lost 11 of their first 12 games\u00a0this season \u2013\u00a0but might just stay up https://t.co/yC9GqSzU76 By @GFFN", "source": "TweetDeck", "fav_count": 4, "retweet_count": 2, "mentions": [{"id": 790371762, "indices": [101, 106], "id_str": "790371762", "screen_name": "GFFN", "name": "Get French Football"}], "hashtags": [], "location": "London"}
{"t": null, "id": 957963256739647489, "content": "Can you really save for a deposit by ditching coffee and avocado toast? I tried to find out\u200b https://t.co/LhSnUj5mLI", "source": "SocialFlow", "fav_count": 48, "retweet_count": 25, "mentions": [], "hashtags": [], "location": "London"}
{"t": null, "id": 957962858662367232, "content": "Ronda Rousey leaves UFC behind for WWE: 'This is my life now' https://t.co/9ym8MIt9Sd via @guardian_sport", "source": "SocialFlow", "fav_count": 26, "retweet_count": 15, "mentions": [{"id": 46403451, "indices": [90, 105], "id_str": "46403451", "screen_name": "guardian_sport", "name": "Guardian sport"}], "hashtags": [], "location": "London"}
{"t": null, "id": 957962487063891968, "content": "Cities and terror: an indivisible and brutal relationship https://t.co/yyBQzbEbzT", "source": "SocialFlow", "fav_count": 20, "retweet_count": 14, "mentions": [], "hashtags": [], "location": "London"}
{"t": null, "id": 957962071265726464, "content": "NHS doctor must leave the UK to look after daughter in Egypt https://t.co/6upuBi8vA2", "source": "SocialFlow", "fav_count": 17, "retweet_count": 12, "mentions": [], "hashtags": [], "location": "London"}
{"t": null, "id": 957962071181799424, "content": "New easyJet boss takes salary cut as airline reveals gender pay gap https://t.co/L2Rn0oMi76", "source": "SocialFlow", "fav_count": 49, "retweet_count": 21, "mentions": [], "hashtags": [], "location": "London"}
{"t": null, "id": 957961298544865280, "content": "Seven ways ... to avoid type 2 diabetes https://t.co/iDcOflYAKd", "source": "SocialFlow", "fav_count": 21, "retweet_count": 10, "mentions": [], "hashtags": [], "location": "London"}
{"t": null, "id": 957960274539110400, "content": "Grammys 2018: Bruno Mars wins big while Kesha's #MeToo performance soars https://t.co/akCnI3gIbx", "source": "SocialFlow", "fav_count": 42, "retweet_count": 10, "mentions": [], "hashtags": [{"indices": [48, 54], "text": "MeToo"}], "location": "London"}
{"t": null, "id": 957958948455440384, "content": "Transgender-related hate crime linked to schools rises by 167% https://t.co/qbO0Vb6DuH", "source": "SocialFlow", "fav_count": 29, "retweet_count": 62, "mentions": [], "hashtags": [], "location": "London"}
{"t": null, "id": 957958432887320576, "content": "Hate crime linked to schools in England and Wales soars https://t.co/ifIc8jAHSl", "source": "SocialFlow", "fav_count": 20, "retweet_count": 33, "mentions": [], "hashtags": [], "location": "London"}
{"t": null, "id": 957956828071124994, "content": "Piers Morgan's interview with Trump watched by fewer than BBC news https://t.co/qKPR4SUZMp", "source": "SocialFlow", "fav_count": 505, "retweet_count": 152, "mentions": [], "hashtags": [], "location": "London"}
{"t": null, "id": 957954838406615042, "content": "Minister explains why she condemned hardline Tory Brexiters as 'swivel-eyed' -  Politics live https://t.co/G8KxIodXsb", "source": "SocialFlow", "fav_count": 9, "retweet_count": 6, "mentions": [], "hashtags": [], "location": "London"}
{"t": null, "id": 957954783188520961, "content": "How a new technology is changing the lives of people who cannot speak \u2013 podcast https://t.co/2SVBVwoiHv", "source": "SocialFlow", "fav_count": 43, "retweet_count": 27, "mentions": [], "hashtags": [], "location": "London"}
{"t": null, "id": 957954132563853314, "content": "Minister explains why she condemned hardline Tory Brexiters as 'swivel-eyed' -  Politics live https://t.co/r6DmGRfRYR", "source": "SocialFlow", "fav_count": 6, "retweet_count": 2, "mentions": [], "hashtags": [], "location": "London"}
{"t": null, "id": 957954127400751105, "content": "Trump's border wall: prototypes loom large, but where are the protesters? https://t.co/h6166X2chC", "source": "SocialFlow", "fav_count": 14, "retweet_count": 9, "mentions": [], "hashtags": [], "location": "London"}
{"t": null, "id": 957953708045815808, "content": "No 10 admits UK and EU at odds over Brexit transition - Politics live https://t.co/0GJG0RgC2z", "source": "SocialFlow", "fav_count": 15, "retweet_count": 5, "mentions": [], "hashtags": [], "location": "London"}
{"t": null, "id": 957953707865460737, "content": "Deaths of two babies a week linked to bed-sharing, UK data shows https://t.co/64GtssL85V", "source": "SocialFlow", "fav_count": 15, "retweet_count": 22, "mentions": [], "hashtags": [], "location": "London"}
{"t": null, "id": 957953471088652288, "content": "I got to grips with the fax machine \u2013 everything after that has been too much | Michele Hanson https://t.co/cL0ckGkRVT", "source": "SocialFlow", "fav_count": 18, "retweet_count": 5, "mentions": [], "hashtags": [], "location": "London"}
{"t": null, "id": 957949899701702656, "content": "Anna Jones' recipes for root vegetable winter stews | Anna Jones https://t.co/z4mXKEKNvy", "source": "SocialFlow", "fav_count": 80, "retweet_count": 14, "mentions": [], "hashtags": [], "location": "London"}
{"t": null, "id": 957949270501613568, "content": "Belgian restaurants accused of selling 'mineral water' from the tap https://t.co/1jIlwJD7Mw", "source": "SocialFlow", "fav_count": 36, "retweet_count": 37, "mentions": [], "hashtags": [], "location": "London"}
{"t": null, "id": 957948967429525505, "content": "At the crossroads of the new Silk Road | Bruno Macaes https://t.co/1ZwPTE0k1o", "source": "SocialFlow", "fav_count": 34, "retweet_count": 15, "mentions": [], "hashtags": [], "location": "London"}
{"t": null, "id": 957948847069847552, "content": "The Carillion pension bungle raises this question: where was the oversight? | Simon Jenkins https://t.co/rAGk8GlH8N", "source": "SocialFlow", "fav_count": 18, "retweet_count": 18, "mentions": [], "hashtags": [], "location": "London"}
{"t": null, "id": 957948593276637184, "content": "No 10 admits UK and EU at odds over Brexit transition, saying 'some distance' between what two sides want - Politic\u2026 https://t.co/l7cglYmf9s", "source": "SocialFlow", "fav_count": 11, "retweet_count": 8, "mentions": [], "hashtags": [], "location": "London"}
{"t": null, "id": 957948467904745472, "content": "Northern Ireland: UVF chief turned informant Gary Haggarty jailed https://t.co/WoPlLqCEhb", "source": "SocialFlow", "fav_count": 6, "retweet_count": 11, "mentions": [], "hashtags": [], "location": "London"}
{"t": null, "id": 957946440634060800, "content": "Six Nations 2018: how will your team perform this year? https://t.co/9bqQQB25tI @SixNationsRugby #SixNations\u2026 https://t.co/MDWtMyvHZy", "source": "TweetDeck", "fav_count": 17, "retweet_count": 9, "mentions": [{"id": 112445008, "indices": [80, 96], "id_str": "112445008", "screen_name": "SixNationsRugby", "name": "NatWest 6 Nations"}], "hashtags": [{"indices": [97, 108], "text": "SixNations"}], "location": "London"}
{"t": null, "id": 957945742089506816, "content": "Three Billboards on track for Oscar glory after three London Critics' Circle awards https://t.co/myADTStyMt", "source": "SocialFlow", "fav_count": 46, "retweet_count": 14, "mentions": [], "hashtags": [], "location": "London"}
{"t": null, "id": 957945201582067712, "content": "Talking Horses: Rich Ricci dismisses 'got at' fears over Faugheen flop https://t.co/VoaPFAt3KE via @guardian_sport", "source": "SocialFlow", "fav_count": 7, "retweet_count": 4, "mentions": [{"id": 46403451, "indices": [99, 114], "id_str": "46403451", "screen_name": "guardian_sport", "name": "Guardian sport"}], "hashtags": [], "location": "London"}
{"t": null, "id": 957944875412049920, "content": "'Have faith in our generation': 16- and 17-year-olds on voting https://t.co/xJ0F7gyLQx", "source": "SocialFlow", "fav_count": 63, "retweet_count": 32, "mentions": [], "hashtags": [], "location": "London"}
{"t": null, "id": 957944686949425153, "content": "Superdry founder bags \u00a318m after Brexit profits boom https://t.co/1K7DhOjA6b", "source": "SocialFlow", "fav_count": 23, "retweet_count": 8, "mentions": [], "hashtags": [], "location": "London"}
{"t": null, "id": 957941410195533826, "content": "J Balvin review \u2013 Colombian megastar continues domination on his own terms https://t.co/e45uux8Fbo", "source": "SocialFlow", "fav_count": 27, "retweet_count": 14, "mentions": [], "hashtags": [], "location": "London"}
{"t": null, "id": 957941138970824704, "content": "Jackpotting: hackers are making ATMs give away cash https://t.co/Ms5PANwF86", "source": "SocialFlow", "fav_count": 24, "retweet_count": 40, "mentions": [], "hashtags": [], "location": "London"}
{"t": null, "id": 957940987002834944, "content": "Towel wars over? Thomas Cook offers sunbed booking for \u00a322 https://t.co/3Cx4R4N6Qp", "source": "SocialFlow", "fav_count": 15, "retweet_count": 19, "mentions": [], "hashtags": [], "location": "London"}
{"t": null, "id": 957936990330195968, "content": "The Day the Music Died: the exhibition pairing Don McLean with Guant\u00e1namo Bay https://t.co/FdoGCq5000", "source": "SocialFlow", "fav_count": 22, "retweet_count": 16, "mentions": [], "hashtags": [], "location": "London"}
{"t": null, "id": 957936450439467008, "content": "Arsenal agree club-record \u00a355.5m fee for Pierre-Emerick Aubameyang https://t.co/xr7TWK9P0M via @guardian_sport", "source": "SocialFlow", "fav_count": 61, "retweet_count": 62, "mentions": [{"id": 46403451, "indices": [95, 110], "id_str": "46403451", "screen_name": "guardian_sport", "name": "Guardian sport"}], "hashtags": [], "location": "London"}
{"t": null, "id": 957936273062289408, "content": "Rotting cabins, closed trails: why we're shining a light on US national parks https://t.co/oPz6td4e9i", "source": "SocialFlow", "fav_count": 44, "retweet_count": 48, "mentions": [], "hashtags": [], "location": "London"}
{"t": null, "id": 957931966728458241, "content": "Strava suggests military users 'opt out' of heatmap as row deepens https://t.co/KzPoVWFOFD", "source": "SocialFlow", "fav_count": 29, "retweet_count": 16, "mentions": [], "hashtags": [], "location": "London"}
{"t": null, "id": 957931961246539776, "content": "Banksy mural rescued by Hull window cleaner https://t.co/hwbDmeubB2", "source": "SocialFlow", "fav_count": 76, "retweet_count": 36, "mentions": [], "hashtags": [], "location": "London"}
{"t": null, "id": 957931209232998401, "content": "Seven ways ... to avoid type 2 diabetes https://t.co/nTFrt7hBL3", "source": "SocialFlow", "fav_count": 49, "retweet_count": 23, "mentions": [], "hashtags": [], "location": "London"}
{"t": null, "id": 957928571527364608, "content": "The bureaucracy of evil: how Islamic State ran a city https://t.co/hMTZV7uAIQ", "source": "SocialFlow", "fav_count": 40, "retweet_count": 18, "mentions": [], "hashtags": [], "location": "London"}
{"t": null, "id": 957927843455004672, "content": "Shirley Henderson webchat \u2013 post your questions now https://t.co/6lRX0s18ai", "source": "SocialFlow", "fav_count": 16, "retweet_count": 4, "mentions": [], "hashtags": [], "location": "London"}
{"t": null, "id": 957927551732609025, "content": "All things bright: readers' photos on the theme of gold https://t.co/VtJ1fjtmFo https://t.co/O30Ed1vgLv", "source": "TweetDeck", "fav_count": 22, "retweet_count": 9, "mentions": [], "hashtags": [], "location": "London"}
{"t": null, "id": 957927375408369664, "content": "No 'youthquake' for Labour in 2017 election, survey finds https://t.co/Dec7WumVPN", "source": "SocialFlow", "fav_count": 14, "retweet_count": 9, "mentions": [], "hashtags": [], "location": "London"}
{"t": null, "id": 957927362322227200, "content": "Ireland to greenlight referendum on abortion law reform https://t.co/oaAPYts0Kz", "source": "SocialFlow", "fav_count": 62, "retweet_count": 28, "mentions": [], "hashtags": [], "location": "London"}
{"t": null, "id": 957927320169443329, "content": "Milan's spirit under Gennaro Gattuso starts to win over the doubters | Paolo Bandini https://t.co/ggGPCfV9EW via @guardian_sport", "source": "SocialFlow", "fav_count": 32, "retweet_count": 8, "mentions": [{"id": 46403451, "indices": [113, 128], "id_str": "46403451", "screen_name": "guardian_sport", "name": "Guardian sport"}], "hashtags": [], "location": "London"}
{"t": null, "id": 957926430331023361, "content": "Bottom of the housing ladder: 'I feel like a squatter in my home' https://t.co/WMXuuEA2uG", "source": "SocialFlow", "fav_count": 31, "retweet_count": 19, "mentions": [], "hashtags": [], "location": "London"}
{"t": null, "id": 957924822746587136, "content": "Blue Ivy appears to hush parents Beyonc\u00e9 and Jay-Z at Grammys \u2013\u00a0video  https://t.co/VSIzXqEUH0", "source": "SocialFlow", "fav_count": 40, "retweet_count": 11, "mentions": [], "hashtags": [], "location": "London"}
{"t": null, "id": 957923829157978112, "content": "Hillary Clinton sends up Trump in surprise Fire and Fury skit at Grammys https://t.co/YEFKHfVTa6", "source": "SocialFlow", "fav_count": 130, "retweet_count": 38, "mentions": [], "hashtags": [], "location": "London"}
{"t": null, "id": 957922711585591297, "content": "Alarmed about your teens\u2019 drinking? Maybe it\u2019s yours you should worry about | Joanna Moorhead https://t.co/N3qZo0MBlU", "source": "SocialFlow", "fav_count": 27, "retweet_count": 15, "mentions": [], "hashtags": [], "location": "London"}
{"t": null, "id": 957922686520479744, "content": "In the line of dire: let's call time on Clint Eastwood's macho movies https://t.co/hVz8iorHcf", "source": "SocialFlow", "fav_count": 41, "retweet_count": 17, "mentions": [], "hashtags": [], "location": "London"}
{"t": null, "id": 957922281505869829, "content": "First database of burial grounds in England and Wales to be created https://t.co/f3DYG80qaa", "source": "SocialFlow", "fav_count": 64, "retweet_count": 32, "mentions": [], "hashtags": [], "location": "London"}
{"t": null, "id": 957919685378560001, "content": "My problem with Spotify \u2013 even though I\u2019m a subscriber | John Harris https://t.co/5HRcZJIXlq", "source": "SocialFlow", "fav_count": 43, "retweet_count": 14, "mentions": [], "hashtags": [], "location": "London"}
{"t": null, "id": 957918332514127872, "content": "Rotherham children\u2019s services 'transformed' since abuse scandal https://t.co/8LHr4j8Pni", "source": "SocialFlow", "fav_count": 15, "retweet_count": 13, "mentions": [], "hashtags": [], "location": "London"}
{"t": null, "id": 957918180470648833, "content": "Marijuana: is it time to stop using a word with racist roots? https://t.co/wfAOUXLwl4", "source": "SocialFlow", "fav_count": 92, "retweet_count": 39, "mentions": [], "hashtags": [], "location": "London"}
{"t": null, "id": 957918062207959040, "content": "How McMafia and other shows turned homes into nice little earners https://t.co/k2kc8CXafp", "source": "SocialFlow", "fav_count": 23, "retweet_count": 8, "mentions": [], "hashtags": [], "location": "London"}
{"t": null, "id": 957911968639307776, "content": "Brexit: UK given warning over outstanding divorce issues https://t.co/eaF0rx3f1X", "source": "SocialFlow", "fav_count": 24, "retweet_count": 33, "mentions": [], "hashtags": [], "location": "London"}
{"t": null, "id": 957911858907926530, "content": "Minister explains why she condemned hardline Tory Brexiters as 'swivel-eyed' -  Politics live https://t.co/efCzqTvPMe", "source": "SocialFlow", "fav_count": 6, "retweet_count": 7, "mentions": [], "hashtags": [], "location": "London"}
{"t": null, "id": 957911314030120960, "content": "White roses and black velvet: the Grammys red carpet https://t.co/AsHq9FWUvP", "source": "SocialFlow", "fav_count": 35, "retweet_count": 16, "mentions": [], "hashtags": [], "location": "London"}
{"t": null, "id": 957910576667222016, "content": "Transfer window: Aubameyang to Arsenal latest, Dzeko and more \u2013 live! https://t.co/W80DZ9SNOv via @guardian_sport", "source": "SocialFlow", "fav_count": 11, "retweet_count": 5, "mentions": [{"id": 46403451, "indices": [98, 113], "id_str": "46403451", "screen_name": "guardian_sport", "name": "Guardian sport"}], "hashtags": [], "location": "London"}
{"t": null, "id": 957910326879637505, "content": "Minister explains why she condemned hardline Tory Brexiters as 'swivel-eyed' -  Politics live https://t.co/71Q5fjBae1", "source": "SocialFlow", "fav_count": 14, "retweet_count": 12, "mentions": [], "hashtags": [], "location": "London"}
{"t": null, "id": 957909783645913088, "content": "Why not regulate social media like tobacco or alcohol? | Roger McNamee https://t.co/wyOzrLRjnH", "source": "SocialFlow", "fav_count": 83, "retweet_count": 58, "mentions": [], "hashtags": [], "location": "London"}
{"t": null, "id": 957906281679015936, "content": "Brit(ish) review \u2013 what does it mean to be black and British now? https://t.co/EKTuytITEs", "source": "SocialFlow", "fav_count": 42, "retweet_count": 20, "mentions": [], "hashtags": [], "location": "London"}
{"t": null, "id": 957905851112656897, "content": "Orange cave crocodiles may be mutating into new species https://t.co/ToLAZK1z6s", "source": "SocialFlow", "fav_count": 62, "retweet_count": 36, "mentions": [], "hashtags": [], "location": "London"}
{"t": null, "id": 957905652453691392, "content": "Football transfer rumours: Zlatan Ibrahimovic to LA Galaxy? https://t.co/0a5QR7Rz2w via @guardian_sport", "source": "SocialFlow", "fav_count": 12, "retweet_count": 3, "mentions": [{"id": 46403451, "indices": [88, 103], "id_str": "46403451", "screen_name": "guardian_sport", "name": "Guardian sport"}], "hashtags": [], "location": "London"}
{"t": null, "id": 957905628713881601, "content": "'The Rodney King of western Canada': killing of indigenous man heads to trial https://t.co/8WGpaF8YnW", "source": "SocialFlow", "fav_count": 27, "retweet_count": 22, "mentions": [], "hashtags": [], "location": "London"}
{"t": null, "id": 957905615145390081, "content": "We\u2019ve despoiled the Earth \u2026 now artificial stars are ruining space | Philip Hoare https://t.co/60M3O8MqH6", "source": "SocialFlow", "fav_count": 16, "retweet_count": 19, "mentions": [], "hashtags": [], "location": "London"}
{"t": null, "id": 957905336547074048, "content": "How McMafia and other shows turned homes into nice little earners https://t.co/oCEOaTtkeG", "source": "SocialFlow", "fav_count": 22, "retweet_count": 7, "mentions": [], "hashtags": [], "location": "London"}
{"t": null, "id": 957902906350596096, "content": "I left the NHS to work as a cosmetic doctor. I've never looked back https://t.co/mJG3llBZX2", "source": "SocialFlow", "fav_count": 11, "retweet_count": 2, "mentions": [], "hashtags": [], "location": "London"}
{"t": null, "id": 957901221532176385, "content": "Bottom of the housing ladder: 'I feel like a squatter in my home' https://t.co/SAhJ6gli1h", "source": "SocialFlow", "fav_count": 20, "retweet_count": 14, "mentions": [], "hashtags": [], "location": "London"}
{"t": null, "id": 957900859387600897, "content": "Full list of Grammys awards 2018 winners https://t.co/hzNZdBAj6B", "source": "SocialFlow", "fav_count": 23, "retweet_count": 12, "mentions": [], "hashtags": [], "location": "London"}
{"t": null, "id": 957898539115470851, "content": "Grammys 2018: Bruno Mars wins big while Kesha's #MeToo performance soars https://t.co/ugnEKF9vHq", "source": "SocialFlow", "fav_count": 34, "retweet_count": 10, "mentions": [], "hashtags": [{"indices": [48, 54], "text": "MeToo"}], "location": "London"}
{"t": null, "id": 957896889122291712, "content": "Rhinos\u2019 rising star Oledzki keen to shine Super League light in native Poland | Aaron Bower https://t.co/3G9pTIWC2E via @guardian_sport", "source": "SocialFlow", "fav_count": 7, "retweet_count": 6, "mentions": [{"id": 46403451, "indices": [120, 135], "id_str": "46403451", "screen_name": "guardian_sport", "name": "Guardian sport"}], "hashtags": [], "location": "London"}
{"t": null, "id": 957896860378820608, "content": "Privatisation is deeply unpopular with voters. Here's how to end it | John Quiggin https://t.co/x9kEmwz6th", "source": "SocialFlow", "fav_count": 37, "retweet_count": 30, "mentions": [], "hashtags": [], "location": "London"}
{"t": null, "id": 957896374175129600, "content": "Brexit risks energy shortages and bigger bills, peers warn https://t.co/kfHp8arH9R", "source": "SocialFlow", "fav_count": 21, "retweet_count": 37, "mentions": [], "hashtags": [], "location": "London"}
{"t": null, "id": 957892607790780417, "content": "KPMG to be investigated over Carillion auditing https://t.co/77TzrrYKuL", "source": "SocialFlow", "fav_count": 61, "retweet_count": 57, "mentions": [], "hashtags": [], "location": "London"}
{"t": null, "id": 957892051143716864, "content": "\u2018Vital, witty, formidably blithe\u2019: Ali Smith on Muriel Spark at 100 https://t.co/j6LS7b4rAP", "source": "SocialFlow", "fav_count": 50, "retweet_count": 16, "mentions": [], "hashtags": [], "location": "London"}
{"t": null, "id": 957889966708854784, "content": "Time to show a little compassion \u2013 for yourself https://t.co/xJNjivcEAZ", "source": "SocialFlow", "fav_count": 79, "retweet_count": 31, "mentions": [], "hashtags": [], "location": "London"}
{"t": null, "id": 957888827191955456, "content": "Milkshakes and Morphine: A Memoir of Love and Loss by Genevieve Fox review \u2013 a lonely past and a painful present https://t.co/pmJtQOozxQ", "source": "SocialFlow", "fav_count": 21, "retweet_count": 10, "mentions": [], "hashtags": [], "location": "London"}
{"t": null, "id": 957883842265829376, "content": "Hillary Clinton sends up Trump in surprise Fire and Fury skit at Grammys https://t.co/yzmZzHe9Ba", "source": "SocialFlow", "fav_count": 229, "retweet_count": 79, "mentions": [], "hashtags": [], "location": "London"}
{"t": null, "id": 957883214101704705, "content": "The bureaucracy of evil: how Islamic State ran a city https://t.co/0s860TvFeV", "source": "SocialFlow", "fav_count": 61, "retweet_count": 37, "mentions": [], "hashtags": [], "location": "London"}
{"t": null, "id": 957882952855285760, "content": "Brexit could leave patients unable to access new drugs https://t.co/gf4dSRMFLI", "source": "SocialFlow", "fav_count": 26, "retweet_count": 40, "mentions": [], "hashtags": [], "location": "London"}
{"t": null, "id": 957881658954473473, "content": "Why cyclists should keep their cool in the face of dangerous driving https://t.co/mKA3VaVXam", "source": "SocialFlow", "fav_count": 64, "retweet_count": 37, "mentions": [], "hashtags": [], "location": "London"}
{"t": null, "id": 957880105602355200, "content": "Australia Day\u2019s date will not change while I\u2019m prime minister, Turnbull says https://t.co/tQ7Q7yXr1Q", "source": "SocialFlow", "fav_count": 15, "retweet_count": 9, "mentions": [], "hashtags": [], "location": "London"}
{"t": null, "id": 957879688306847744, "content": "Bold Girls review \u2013 Rona Munro's portrait of women under siege https://t.co/hWpayqw2Qk", "source": "SocialFlow", "fav_count": 18, "retweet_count": 8, "mentions": [], "hashtags": [], "location": "London"}
{"t": null, "id": 957878726452269056, "content": "Donald Trump interview: 'I'm very popular in Britain. I get a lot of fan mail' https://t.co/BjS18NTief", "source": "SocialFlow", "fav_count": 159, "retweet_count": 100, "mentions": [], "hashtags": [], "location": "London"}
{"t": null, "id": 957878633519046656, "content": "NHS admits doctors may be using tools made by children in Pakistan https://t.co/9ETIq55flv", "source": "SocialFlow", "fav_count": 57, "retweet_count": 84, "mentions": [], "hashtags": [], "location": "London"}
{"t": null, "id": 957878363984711680, "content": "One in three people with legal problems in UK develop health issues - report https://t.co/lM5QiBj2TF", "source": "SocialFlow", "fav_count": 27, "retweet_count": 25, "mentions": [], "hashtags": [], "location": "London"}
{"t": null, "id": 957877974946189313, "content": "2018 Grammy awards - in pictures https://t.co/SNQBxgS4Ss", "source": "SocialFlow", "fav_count": 30, "retweet_count": 10, "mentions": [], "hashtags": [], "location": "London"}
{"t": null, "id": 957877274916868096, "content": "Narcissistic buddies meet in the Piers and Donald show https://t.co/xly07kj7Ww", "source": "SocialFlow", "fav_count": 442, "retweet_count": 134, "mentions": [], "hashtags": [], "location": "London"}
{"t": null, "id": 957877055558955009, "content": "Monday briefing: Peers trash Brexit bill as May's authority teeters https://t.co/giSevZ1Kev", "source": "SocialFlow", "fav_count": 24, "retweet_count": 17, "mentions": [], "hashtags": [], "location": "London"}
{"t": null, "id": 957876499180326912, "content": "Can you really save for a deposit by ditching coffee and avocado toast? I tried to find out\u200b https://t.co/TlU1XqyXaG", "source": "SocialFlow", "fav_count": 42, "retweet_count": 13, "mentions": [], "hashtags": [], "location": "London"}
{"t": null, "id": 957876228291223553, "content": "Fitness tracking app Strava gives away location of secret US army bases https://t.co/8jtpvBoXJg", "source": "SocialFlow", "fav_count": 49, "retweet_count": 46, "mentions": [], "hashtags": [], "location": "London"}
{"t": null, "id": 957875679495933954, "content": "Hillary Clinton reads from Fire and Fury in star-studded Grammys skit https://t.co/ZbLn9S4Byv", "source": "SocialFlow", "fav_count": 150, "retweet_count": 53, "mentions": [], "hashtags": [], "location": "London"}
{"t": null, "id": 957874549110071296, "content": "Exclusive: Marin Alsop appointed first female artistic director of ORF orchestra https://t.co/3weSgC6hdD", "source": "SocialFlow", "fav_count": 55, "retweet_count": 24, "mentions": [], "hashtags": [], "location": "London"}
{"t": null, "id": 957874422165245953, "content": "The Guardian view on the Brexit bill in the Lords: keep it constitutional | Editorial https://t.co/ozYajdauHS", "source": "SocialFlow", "fav_count": 15, "retweet_count": 15, "mentions": [], "hashtags": [], "location": "London"}
{"t": null, "id": 957874017217777664, "content": "Grammys 2018: Bruno Mars wins big while Kesha's #MeToo performance soars https://t.co/LLGUvMCtex", "source": "SocialFlow", "fav_count": 51, "retweet_count": 20, "mentions": [], "hashtags": [{"indices": [48, 54], "text": "MeToo"}], "location": "London"}
{"t": null, "id": 957873806328070144, "content": "Grammys awards 2018 \u2013 the full list of winners https://t.co/9oloGISZ5M", "source": "SocialFlow", "fav_count": 39, "retweet_count": 19, "mentions": [], "hashtags": [], "location": "London"}
{"t": null, "id": 957870839113928704, "content": "Missing Kiribati ferry: Australia and US join search for survivors https://t.co/mSsgIou3HP", "source": "SocialFlow", "fav_count": 22, "retweet_count": 8, "mentions": [], "hashtags": [], "location": "London"}
{"t": null, "id": 957869945697824768, "content": "Automation to take 1 in 3 jobs in UK's northern centres, report finds https://t.co/a68Q64WOEE", "source": "SocialFlow", "fav_count": 31, "retweet_count": 40, "mentions": [], "hashtags": [], "location": "London"}
{"t": null, "id": 957869823740047360, "content": "A local\u2019s guide to Porto, Portugal https://t.co/8Hq36UrSFL", "source": "SocialFlow", "fav_count": 125, "retweet_count": 34, "mentions": [], "hashtags": [], "location": "London"}
{"t": null, "id": 957869489982492673, "content": "Seven ways ... to avoid type 2 diabetes https://t.co/EWEsC9Z85j", "source": "SocialFlow", "fav_count": 102, "retweet_count": 52, "mentions": [], "hashtags": [], "location": "London"}
{"t": null, "id": 957865542177775616, "content": "Monday briefing: Peers trash Brexit bill as May's authority teeters https://t.co/AGqBL7z4sL", "source": "SocialFlow", "fav_count": 27, "retweet_count": 32, "mentions": [], "hashtags": [], "location": "London"}
{"t": null, "id": 957865469972709376, "content": "When was the last time the Scottish government had an original idea? | Libby Brooks https://t.co/NEYhoHwZvg", "source": "SocialFlow", "fav_count": 11, "retweet_count": 11, "mentions": [], "hashtags": [], "location": "London"}
{"t": null, "id": 957865078249881600, "content": "Going back to my roots: my adventures in extreme dentistry | Rhik Samadder https://t.co/jK49LD9FaM", "source": "SocialFlow", "fav_count": 9, "retweet_count": 4, "mentions": [], "hashtags": [], "location": "London"}
{"t": null, "id": 957864913971671040, "content": "M&amp;S one of UK retailers yet to renew safety deal in Bangladesh factories https://t.co/a0HnEju5L2", "source": "SocialFlow", "fav_count": 14, "retweet_count": 21, "mentions": [], "hashtags": [], "location": "London"}
{"t": null, "id": 957861086950313986, "content": "Steve Bell\u2019s If ... on the secret of Melania Trump's success https://t.co/ECpt5LhZB3", "source": "SocialFlow", "fav_count": 28, "retweet_count": 16, "mentions": [], "hashtags": [], "location": "London"}
{"t": null, "id": 957856732012797952, "content": "Facebook reveals privacy principles for first time, helps users control access https://t.co/dQ5tOeMbAv", "source": "SocialFlow", "fav_count": 66, "retweet_count": 45, "mentions": [], "hashtags": [], "location": "London"}
{"t": null, "id": 957855937339027456, "content": "Lord Lansley mentions 'unique' experience to undercover reporter https://t.co/l98FnTGLW4", "source": "SocialFlow", "fav_count": 8, "retweet_count": 12, "mentions": [], "hashtags": [], "location": "London"}
{"t": null, "id": 957844256835735553, "content": "Grammys 2018: Bruno Mars wins big while Kesha's #MeToo performance soars https://t.co/5LMWnTjRaF", "source": "SocialFlow", "fav_count": 60, "retweet_count": 23, "mentions": [], "hashtags": [{"indices": [48, 54], "text": "MeToo"}], "location": "London"}
{"t": null, "id": 957843825069887488, "content": "Economic growth in UK expected to slow in first few months of 2018 https://t.co/SSGJGDyBDC", "source": "SocialFlow", "fav_count": 18, "retweet_count": 15, "mentions": [], "hashtags": [], "location": "London"}
{"t": null, "id": 957835829514207232, "content": "2018 Grammy awards - in pictures https://t.co/CqFss9Dilk", "source": "SocialFlow", "fav_count": 43, "retweet_count": 17, "mentions": [], "hashtags": [], "location": "London"}
{"t": null, "id": 957831999284236288, "content": "Hillary Clinton reads from Fire and Fury in star-studded Grammys skit https://t.co/6tXjlHFCe3", "source": "SocialFlow", "fav_count": 492, "retweet_count": 161, "mentions": [], "hashtags": [], "location": "London"}
{"t": null, "id": 957827370081308674, "content": "Grammys 2018: Bruno Mars wins album of the year \u2013 live https://t.co/JztaMHPVJW #Grammys https://t.co/nkKEtQlxEO", "source": "TweetDeck", "fav_count": 114, "retweet_count": 36, "mentions": [], "hashtags": [{"indices": [79, 87], "text": "Grammys"}], "location": "London"}
{"t": null, "id": 957820368886022144, "content": "Grammys 2018: Bruno Mars wins record of the year \u2013 live https://t.co/fsHgXoBw4g #Grammys", "source": "SocialFlow", "fav_count": 56, "retweet_count": 17, "mentions": [], "hashtags": [{"indices": [80, 88], "text": "Grammys"}], "location": "London"}
