{"t": "2018-01-29:18:51:34", "id": 958050002449858560, "content": "This is just 0.65% of a $3.8 trillion budget that we CAN'T AFFORD! https://t.co/1R49WkaZ3N", "source": "SocialFlow", "fav_count": 63, "retweet_count": 42, "mentions": [], "hashtags": [], "location": ""}
{"t": "2018-01-29:18:26:26", "id": 958043675497500673, "content": "Bad company. https://t.co/6Vn2820I70", "source": "SocialFlow", "fav_count": 347, "retweet_count": 203, "mentions": [], "hashtags": [], "location": ""}
{"t": "2018-01-29:17:41:42", "id": 958032418639962112, "content": "Curious timing. #ReleaseTheMemo https://t.co/8uYs8N7vZ2", "source": "SocialFlow", "fav_count": 1021, "retweet_count": 520, "mentions": [], "hashtags": [{"indices": [16, 31], "text": "ReleaseTheMemo"}], "location": ""}
{"t": "2018-01-29:17:32:03", "id": 958029991190679554, "content": "The Mad Hatter has logged on https://t.co/t3pYb1Re0g", "source": "SocialFlow", "fav_count": 196, "retweet_count": 62, "mentions": [], "hashtags": [], "location": ""}
{"t": "2018-01-29:17:06:43", "id": 958023612325421056, "content": "New detail potentially revealed by #ReleaseTheMemo: https://t.co/olevPfzYi9", "source": "SocialFlow", "fav_count": 245, "retweet_count": 168, "mentions": [], "hashtags": [{"indices": [35, 50], "text": "ReleaseTheMemo"}], "location": ""}
{"t": "2018-01-29:16:44:11", "id": 958017942725300226, "content": "Another. https://t.co/LfLVBNlavJ", "source": "SocialFlow", "fav_count": 146, "retweet_count": 54, "mentions": [], "hashtags": [], "location": ""}
{"t": "2018-01-29:16:14:51", "id": 958010560427241473, "content": "Breitbart would literally pay me to watch it and I still didn't bother. https://t.co/wk7qZ7qpsD", "source": "SocialFlow", "fav_count": 1265, "retweet_count": 330, "mentions": [], "hashtags": [], "location": ""}
{"t": "2018-01-29:15:47:39", "id": 958003716338143232, "content": "Um. https://t.co/ITgKyNIS2m", "source": "SocialFlow", "fav_count": 135, "retweet_count": 40, "mentions": [], "hashtags": [], "location": ""}
{"t": "2018-01-29:15:20:15", "id": 957996821003100163, "content": "Neat. https://t.co/NbCA4kQiWc", "source": "SocialFlow", "fav_count": 372, "retweet_count": 78, "mentions": [], "hashtags": [], "location": ""}
{"t": "2018-01-29:14:55:38", "id": 957990627588870144, "content": "RT @sabine_durden: Only child, my son Dominic had HUGE DREAMS. \nHe didn\u2019t get to fulfill them, because he was killed by an illegal 7-12-12.\u2026", "source": "TweetDeck", "fav_count": 0, "retweet_count": 4677, "mentions": [{"id": 1537114890, "indices": [3, 17], "id_str": "1537114890", "screen_name": "sabine_durden", "name": "Sabine"}], "hashtags": [], "location": ""}
{"t": "2018-01-29:14:53:06", "id": 957989987852709890, "content": "Kind of a big diss for Jay's musical career, innit? https://t.co/id9QLRidHv", "source": "SocialFlow", "fav_count": 132, "retweet_count": 30, "mentions": [], "hashtags": [], "location": ""}
{"t": "2018-01-29:14:33:43", "id": 957985112582443008, "content": "RT @kristina_wong: House Intelligence Committee Could Vote Monday to Release FBI Abuse Memo https://t.co/naC4lCJSYR via @BreitbartNews http\u2026", "source": "Twitter Web Client", "fav_count": 0, "retweet_count": 110, "mentions": [{"id": 18482836, "indices": [3, 17], "id_str": "18482836", "screen_name": "kristina_wong", "name": "Kristina Wong \ud83c\uddfa\ud83c\uddf8"}, {"id": 457984599, "indices": [120, 134], "id_str": "457984599", "screen_name": "BreitbartNews", "name": "Breitbart News"}], "hashtags": [], "location": ""}
{"t": "2018-01-29:14:26:04", "id": 957983183529828352, "content": "No end date for pathway to citizenship applications. https://t.co/fSGdcKR5PF", "source": "SocialFlow", "fav_count": 69, "retweet_count": 67, "mentions": [], "hashtags": [], "location": ""}
{"t": "2018-01-29:13:59:21", "id": 957976461733920769, "content": "You seem nice... https://t.co/P9VNA4i1M3", "source": "SocialFlow", "fav_count": 113, "retweet_count": 91, "mentions": [], "hashtags": [], "location": ""}
{"t": "2018-01-29:13:30:17", "id": 957969145387257856, "content": "TopicalComedy.bmp https://t.co/HmI5MgSk7M", "source": "SocialFlow", "fav_count": 51, "retweet_count": 9, "mentions": [], "hashtags": [], "location": ""}
{"t": "2018-01-29:13:00:49", "id": 957961729371267072, "content": "Oh hey, Peter's got a new book, NBD... https://t.co/rTL3aQBxnI", "source": "SocialFlow", "fav_count": 280, "retweet_count": 138, "mentions": [], "hashtags": [], "location": ""}
{"t": "2018-01-29:12:34:19", "id": 957955062134865920, "content": "Yawn. https://t.co/o2k06ucoA1", "source": "SocialFlow", "fav_count": 208, "retweet_count": 67, "mentions": [], "hashtags": [], "location": ""}
{"t": "2018-01-29:12:00:40", "id": 957946592836968448, "content": "2018. https://t.co/zoMO4ZTy70", "source": "SocialFlow", "fav_count": 406, "retweet_count": 156, "mentions": [], "hashtags": [], "location": ""}
{"t": "2018-01-29:04:34:37", "id": 957834342637690881, "content": "Wall. https://t.co/uqaRnhiddy", "source": "SocialFlow", "fav_count": 3228, "retweet_count": 1713, "mentions": [], "hashtags": [], "location": ""}
{"t": "2018-01-29:03:58:28", "id": 957825244055601153, "content": "\"He no longer has a full-time job.\" https://t.co/zuHGIEGGG9", "source": "SocialFlow", "fav_count": 892, "retweet_count": 271, "mentions": [], "hashtags": [], "location": ""}
{"t": "2018-01-29:03:22:16", "id": 957816133268230144, "content": "Surely THIS will change thousands of years of Middle Eastern culture! https://t.co/OlVRcyzLAh", "source": "SocialFlow", "fav_count": 544, "retweet_count": 110, "mentions": [], "hashtags": [], "location": ""}
{"t": "2018-01-29:02:46:51", "id": 957807219642380289, "content": "What happen ? \nSomebody set up us the bomb.  https://t.co/GPWB20XNSE", "source": "SocialFlow", "fav_count": 366, "retweet_count": 117, "mentions": [], "hashtags": [], "location": ""}
{"t": "2018-01-29:02:10:54", "id": 957798172599963649, "content": "\ud83d\ude31 https://t.co/8tzGuDf3wz", "source": "SocialFlow", "fav_count": 649, "retweet_count": 221, "mentions": [], "hashtags": [], "location": ""}
{"t": "2018-01-29:01:37:00", "id": 957789645076598784, "content": "Drama queens. https://t.co/OwxONAEBTC", "source": "SocialFlow", "fav_count": 743, "retweet_count": 351, "mentions": [], "hashtags": [], "location": ""}
{"t": "2018-01-29:01:03:36", "id": 957781237795614720, "content": "Tell it to the troops, Senator Lake House. https://t.co/MyLk419xda", "source": "SocialFlow", "fav_count": 1159, "retweet_count": 514, "mentions": [], "hashtags": [], "location": ""}
{"t": "2018-01-29:00:28:14", "id": 957772336924676097, "content": "True colors. https://t.co/usowQ4Rrku", "source": "SocialFlow", "fav_count": 226, "retweet_count": 102, "mentions": [], "hashtags": [], "location": ""}
{"t": "2018-01-28:23:52:32", "id": 957763351920173056, "content": "Well, they're at least half right... https://t.co/yKMTHXgfbi", "source": "SocialFlow", "fav_count": 247, "retweet_count": 79, "mentions": [], "hashtags": [], "location": ""}
{"t": "2018-01-28:23:18:17", "id": 957754733028151296, "content": "The ol' \"give me new voters and I'll trade you the possibility of a wall, someday\" maneuver. https://t.co/pwyLOI452t", "source": "SocialFlow", "fav_count": 519, "retweet_count": 255, "mentions": [], "hashtags": [], "location": ""}
{"t": "2018-01-28:22:42:51", "id": 957745817800134656, "content": "\"He sat there and he looked at us and he heard our cries. I can only hope and pray that he fulfills his promise.\" https://t.co/K7nVeJjpZQ", "source": "SocialFlow", "fav_count": 957, "retweet_count": 366, "mentions": [], "hashtags": [], "location": ""}
{"t": "2018-01-28:22:07:02", "id": 957736804266008576, "content": "This is just 0.65% of a $3.8 trillion budget that we CAN'T AFFORD! https://t.co/wZEe8pbU5x", "source": "SocialFlow", "fav_count": 744, "retweet_count": 383, "mentions": [], "hashtags": [], "location": ""}
{"t": "2018-01-28:21:31:33", "id": 957727872046845952, "content": "Oh? https://t.co/UEN3X60fUV", "source": "SocialFlow", "fav_count": 161, "retweet_count": 115, "mentions": [], "hashtags": [], "location": ""}
{"t": "2018-01-28:20:55:42", "id": 957718853450194950, "content": "\"He no longer has a full-time job.\" https://t.co/dQNf3aHky4", "source": "SocialFlow", "fav_count": 772, "retweet_count": 245, "mentions": [], "hashtags": [], "location": ""}
{"t": "2018-01-28:20:22:23", "id": 957710465462829057, "content": "\"May we never forget. #WeRemember\" https://t.co/Fy9Dz4j5U6", "source": "SocialFlow", "fav_count": 704, "retweet_count": 153, "mentions": [], "hashtags": [{"indices": [22, 33], "text": "WeRemember"}], "location": ""}
{"t": "2018-01-28:19:47:45", "id": 957701751188213760, "content": "You are blowing my MIND right now dawg https://t.co/3yg3RQ05mb", "source": "SocialFlow", "fav_count": 388, "retweet_count": 131, "mentions": [], "hashtags": [], "location": ""}
{"t": "2018-01-28:19:13:43", "id": 957693185114951681, "content": "\"It would have been extremely unwise.\" https://t.co/s1uVsCf53D", "source": "SocialFlow", "fav_count": 104, "retweet_count": 37, "mentions": [], "hashtags": [], "location": ""}
{"t": "2018-01-28:18:38:49", "id": 957684406092816384, "content": "\u201cYou know what? We don\u2019t need that type of rhetoric on either side.\u201d https://t.co/PV7DGM4pdP", "source": "SocialFlow", "fav_count": 1192, "retweet_count": 421, "mentions": [], "hashtags": [], "location": ""}
{"t": "2018-01-28:18:30:00", "id": 957682184650985473, "content": "been a while since I've ruined a nascent meme https://t.co/SUK4rEFjXP", "source": "TweetDeck", "fav_count": 272, "retweet_count": 125, "mentions": [], "hashtags": [], "location": ""}
{"t": "2018-01-28:18:03:08", "id": 957675425756536834, "content": "Looks like we's gettin blocked https://t.co/Ijo5rut0Ra", "source": "SocialFlow", "fav_count": 153, "retweet_count": 71, "mentions": [], "hashtags": [], "location": ""}
{"t": "2018-01-28:17:28:58", "id": 957666827731111936, "content": "\u2141 \u1d0e I \u1d1a \u018e W W \u2200 H \n\u018e H \u22a5\n\u0500 O \u22a5 S https://t.co/rALyrrW8rV", "source": "SocialFlow", "fav_count": 254, "retweet_count": 80, "mentions": [], "hashtags": [], "location": ""}
{"t": "2018-01-28:16:52:27", "id": 957657634215260161, "content": "Ya lahwy! https://t.co/aaINAlTjkH", "source": "SocialFlow", "fav_count": 82, "retweet_count": 53, "mentions": [], "hashtags": [], "location": ""}
{"t": "2018-01-28:16:15:51", "id": 957648425259905025, "content": "True colors. https://t.co/e7ep2pndVg", "source": "SocialFlow", "fav_count": 564, "retweet_count": 182, "mentions": [], "hashtags": [], "location": ""}
{"t": "2018-01-28:15:41:53", "id": 957639875657981952, "content": "Aren't we already years past the \"tipping point\" from your first movie? https://t.co/jWmabv1UKB", "source": "SocialFlow", "fav_count": 768, "retweet_count": 235, "mentions": [], "hashtags": [], "location": ""}
{"t": "2018-01-28:15:08:06", "id": 957631377297559556, "content": "\"What they perceived was accurate: a man who doesn\u2019t give a [d*rn] about what the press says about him. That is the\u2026 https://t.co/fTwG1T3FFl", "source": "SocialFlow", "fav_count": 1097, "retweet_count": 398, "mentions": [], "hashtags": [], "location": ""}
{"t": "2018-01-28:14:33:35", "id": 957622687597256709, "content": "M-M-M-M-MONSTER KILL [of my sides] https://t.co/5xhgFFu6po", "source": "SocialFlow", "fav_count": 258, "retweet_count": 46, "mentions": [], "hashtags": [], "location": ""}
{"t": "2018-01-28:13:57:51", "id": 957613695789608960, "content": "The ol' \"give me new voters and I'll trade you the possibility of a wall, someday\" maneuver. https://t.co/iQH99SEhNq", "source": "SocialFlow", "fav_count": 554, "retweet_count": 251, "mentions": [], "hashtags": [], "location": ""}
{"t": "2018-01-28:13:23:21", "id": 957605015144878080, "content": "\"There should be zero tolerance for that kind of bigotry \u2014 and if Barack Obama associated with him, if the Black Ca\u2026 https://t.co/JQVTQjrYfl", "source": "SocialFlow", "fav_count": 2966, "retweet_count": 1258, "mentions": [], "hashtags": [], "location": ""}
{"t": "2018-01-28:12:51:43", "id": 957597052468330496, "content": "\"He sat there and he looked at us and he heard our cries. I can only hope and pray that he fulfills his promise.\" https://t.co/WmR3QcReb0", "source": "SocialFlow", "fav_count": 3010, "retweet_count": 1067, "mentions": [], "hashtags": [], "location": ""}
{"t": "2018-01-28:02:36:55", "id": 957442333569634304, "content": "Wall. https://t.co/TQLbHNmRh0", "source": "SocialFlow", "fav_count": 5149, "retweet_count": 3552, "mentions": [], "hashtags": [], "location": ""}
{"t": "2018-01-28:02:02:05", "id": 957433568954810368, "content": "HMMMMMMMMMMMMMMMMM https://t.co/tANXbDtw7G", "source": "SocialFlow", "fav_count": 363, "retweet_count": 256, "mentions": [], "hashtags": [], "location": ""}
{"t": "2018-01-28:01:27:19", "id": 957424817376038913, "content": "\ud83d\ude2d\ud83d\ude2d\ud83d\ude2d\ud83d\ude2d\ud83d\ude2d\ud83d\ude2d\ud83d\ude2d\ud83d\ude2d\ud83d\ude2d\ud83d\ude2d\ud83d\ude2d\ud83d\ude2d\ud83d\ude2d\ud83d\ude2d\ud83d\ude2d\ud83d\ude2d\ud83d\ude2d https://t.co/ATlr5dKlCi", "source": "SocialFlow", "fav_count": 521, "retweet_count": 130, "mentions": [], "hashtags": [], "location": ""}
{"t": "2018-01-28:00:50:38", "id": 957415587600314370, "content": "Drama queens. https://t.co/0RNYauC5wr", "source": "SocialFlow", "fav_count": 690, "retweet_count": 314, "mentions": [], "hashtags": [], "location": ""}
{"t": "2018-01-28:00:12:58", "id": 957406105898020865, "content": "The mother of five said she feels African Americans are being treated like thieves and criminals by having their mo\u2026 https://t.co/haseCexKXc", "source": "SocialFlow", "fav_count": 578, "retweet_count": 357, "mentions": [], "hashtags": [], "location": ""}
{"t": "2018-01-27:23:39:43", "id": 957397739461111808, "content": "!!! https://t.co/sapUGAf88b", "source": "SocialFlow", "fav_count": 137, "retweet_count": 46, "mentions": [], "hashtags": [], "location": ""}
{"t": "2018-01-27:23:06:23", "id": 957389353193484289, "content": "During his first year in office, Trump adopted nearly two-thirds of Heritage\u2019s agenda.  https://t.co/hLGtE8C3V7", "source": "SocialFlow", "fav_count": 689, "retweet_count": 199, "mentions": [], "hashtags": [], "location": ""}
{"t": "2018-01-27:22:33:13", "id": 957381006771785728, "content": "Both sides trying to snatch defeat from the jaws of victory this year. https://t.co/SbeXaypKJO", "source": "SocialFlow", "fav_count": 247, "retweet_count": 73, "mentions": [], "hashtags": [], "location": ""}
{"t": "2018-01-27:21:54:48", "id": 957371336283783168, "content": "Okay, Bill. https://t.co/uhdxWQEf8o", "source": "SocialFlow", "fav_count": 312, "retweet_count": 97, "mentions": [], "hashtags": [], "location": ""}
{"t": "2018-01-27:21:17:23", "id": 957361919559651328, "content": "Up there with \"Pok\u00e9mon go to the polls!\" https://t.co/5NYXzqrs6S", "source": "SocialFlow", "fav_count": 257, "retweet_count": 97, "mentions": [], "hashtags": [], "location": ""}
{"t": "2018-01-27:20:40:27", "id": 957352627058167808, "content": "Aren't we already years past the \"tipping point\" from your first movie? https://t.co/LBQjq9FldU", "source": "SocialFlow", "fav_count": 1268, "retweet_count": 427, "mentions": [], "hashtags": [], "location": ""}
{"t": "2018-01-27:20:02:52", "id": 957343169984827392, "content": "\"The way many have been turned off by the NFL, I think people will equally be turned off by this model.\" https://t.co/eSRos5NAsj", "source": "SocialFlow", "fav_count": 178, "retweet_count": 59, "mentions": [], "hashtags": [], "location": ""}
{"t": "2018-01-27:19:28:55", "id": 957334624929271810, "content": "NERF THE TERF https://t.co/lzyD7f5FFh", "source": "SocialFlow", "fav_count": 76, "retweet_count": 29, "mentions": [], "hashtags": [], "location": ""}
{"t": "2018-01-27:19:26:35", "id": 957334036946485249, "content": "RT @woodruffbets: How Breitbart describes the White House legislative affairs director: https://t.co/ixKvaA1Gu6", "source": "TweetDeck", "fav_count": 0, "retweet_count": 54, "mentions": [{"id": 118245138, "indices": [3, 16], "id_str": "118245138", "screen_name": "woodruffbets", "name": "Betsy Woodruff"}], "hashtags": [], "location": ""}
{"t": "2018-01-27:18:54:41", "id": 957326010369871872, "content": "The Salon dot com Presidency. https://t.co/YTixWHdZ0D", "source": "SocialFlow", "fav_count": 587, "retweet_count": 424, "mentions": [], "hashtags": [], "location": ""}
{"t": "2018-01-27:18:20:40", "id": 957317448369393664, "content": "\ud83d\udd31 (there are no good fork emojis) https://t.co/xpxr7lcO1f", "source": "SocialFlow", "fav_count": 84, "retweet_count": 34, "mentions": [], "hashtags": [], "location": ""}
{"t": "2018-01-27:17:45:19", "id": 957308552279969792, "content": "We'll take what we can get. https://t.co/xNzxPGTPo1", "source": "SocialFlow", "fav_count": 198, "retweet_count": 35, "mentions": [], "hashtags": [], "location": ""}
{"t": "2018-01-27:17:09:38", "id": 957299573202014208, "content": "I can get behind that. https://t.co/bN659OKQ0g", "source": "SocialFlow", "fav_count": 265, "retweet_count": 91, "mentions": [], "hashtags": [], "location": ""}
{"t": "2018-01-27:16:35:13", "id": 957290909393211392, "content": "Thx 4 ur input. https://t.co/afM3oUd67k", "source": "SocialFlow", "fav_count": 79, "retweet_count": 38, "mentions": [], "hashtags": [], "location": ""}
{"t": "2018-01-27:15:57:52", "id": 957281511836999680, "content": "\"Not so long ago, most liberals were not fans of the Bureau, and yet now, they are quite\u2014quite!\u2014concerned about its\u2026 https://t.co/Ts8PPOlYco", "source": "SocialFlow", "fav_count": 1995, "retweet_count": 705, "mentions": [], "hashtags": [], "location": ""}
{"t": "2018-01-27:15:21:36", "id": 957272384079319040, "content": "BRB, vomiting forever. https://t.co/7QmhiLUPxj", "source": "SocialFlow", "fav_count": 393, "retweet_count": 196, "mentions": [], "hashtags": [], "location": ""}
{"t": "2018-01-27:14:45:23", "id": 957263271916195841, "content": "\"I don\u2019t think you have enough people to fill the spots to even play it.\" https://t.co/DKJWx5xgJU", "source": "SocialFlow", "fav_count": 118, "retweet_count": 50, "mentions": [], "hashtags": [], "location": ""}
{"t": "2018-01-27:14:10:51", "id": 957254580735266819, "content": "And yet it was good enough for our very impartial Mr. Comey and his FBI. https://t.co/K0w3K3tVGn", "source": "SocialFlow", "fav_count": 513, "retweet_count": 241, "mentions": [], "hashtags": [], "location": ""}
{"t": "2018-01-27:13:36:25", "id": 957245913075892225, "content": "Ya lahwy! https://t.co/4hRLJFy7xa", "source": "SocialFlow", "fav_count": 73, "retweet_count": 50, "mentions": [], "hashtags": [], "location": ""}
{"t": "2018-01-27:12:03:53", "id": 957222628644843520, "content": "Bedlam. https://t.co/kn36tKpJrh", "source": "SocialFlow", "fav_count": 160, "retweet_count": 71, "mentions": [], "hashtags": [], "location": ""}
{"t": "2018-01-27:04:39:58", "id": 957110911411597312, "content": "\ud83d\ude2d\ud83d\ude2d\ud83d\ude2d\ud83d\ude2d\ud83d\ude2d\ud83d\ude2d\ud83d\ude2d\ud83d\ude2d\ud83d\ude2d\ud83d\ude2d\ud83d\ude2d\ud83d\ude2d\ud83d\ude2d\ud83d\ude2d\ud83d\ude2d\ud83d\ude2d\ud83d\ude2d https://t.co/5MTwxnKLDb", "source": "SocialFlow", "fav_count": 927, "retweet_count": 190, "mentions": [], "hashtags": [], "location": ""}
{"t": "2018-01-27:04:13:11", "id": 957104171991359488, "content": "!!! https://t.co/PQeaktgt7H", "source": "SocialFlow", "fav_count": 130, "retweet_count": 35, "mentions": [], "hashtags": [], "location": ""}
{"t": "2018-01-27:03:42:26", "id": 957096433659850752, "content": "Yawn. https://t.co/fYyWgAr2OC", "source": "SocialFlow", "fav_count": 471, "retweet_count": 185, "mentions": [], "hashtags": [], "location": ""}
{"t": "2018-01-27:03:17:20", "id": 957090119235915777, "content": "me_irl https://t.co/qRUqJLoIfk", "source": "SocialFlow", "fav_count": 142, "retweet_count": 90, "mentions": [], "hashtags": [], "location": ""}
{"t": "2018-01-27:02:50:56", "id": 957083474783100930, "content": "Both sides trying to snatch defeat from the jaws of victory this year. https://t.co/Hit7y9UHvd", "source": "SocialFlow", "fav_count": 246, "retweet_count": 105, "mentions": [], "hashtags": [], "location": ""}
{"t": "2018-01-27:02:23:32", "id": 957076578852376577, "content": "The Salon dot com Presidency. https://t.co/yd4FkDVuJv", "source": "SocialFlow", "fav_count": 635, "retweet_count": 444, "mentions": [], "hashtags": [], "location": ""}
{"t": "2018-01-27:01:54:42", "id": 957069322614124544, "content": "Give 'em an inch... https://t.co/g9k0CUhYB7", "source": "SocialFlow", "fav_count": 236, "retweet_count": 132, "mentions": [], "hashtags": [], "location": ""}
{"t": "2018-01-27:01:25:58", "id": 957062091269115904, "content": "We'll take what we can get. https://t.co/YwYunSYS5e", "source": "SocialFlow", "fav_count": 194, "retweet_count": 27, "mentions": [], "hashtags": [], "location": ""}
{"t": "2018-01-27:00:52:59", "id": 957053791521640448, "content": "\"The way many have been turned off by the NFL, I think people will equally be turned off by this model.\" https://t.co/Z1cRt6AtGq", "source": "SocialFlow", "fav_count": 167, "retweet_count": 60, "mentions": [], "hashtags": [], "location": ""}
{"t": "2018-01-27:00:24:00", "id": 957046496498782208, "content": "NERF THE TERF https://t.co/4OCVyE6Zn0", "source": "SocialFlow", "fav_count": 88, "retweet_count": 53, "mentions": [], "hashtags": [], "location": ""}
{"t": "2018-01-26:23:55:35", "id": 957039345998888960, "content": "Where is our COMPASSION https://t.co/DNDDerGmgB", "source": "SocialFlow", "fav_count": 145, "retweet_count": 92, "mentions": [], "hashtags": [], "location": ""}
{"t": "2018-01-26:23:26:16", "id": 957031967027056642, "content": "\"In a year when the Democrats impeach Trump, we can point to this moment.\" https://t.co/YoPtB3IuHz", "source": "SocialFlow", "fav_count": 230, "retweet_count": 122, "mentions": [], "hashtags": [], "location": ""}
{"t": "2018-01-26:23:03:09", "id": 957026151460896768, "content": "\"I don\u2019t think you have enough people to fill the spots to even play it.\" https://t.co/ZyQRG8R5oe", "source": "SocialFlow", "fav_count": 121, "retweet_count": 46, "mentions": [], "hashtags": [], "location": ""}
{"t": "2018-01-26:22:34:47", "id": 957019011476226054, "content": "\"You can continue in this vein, it's your network; I assume your superiors think this is a proper way to conduct in\u2026 https://t.co/mi5bkgHdQp", "source": "SocialFlow", "fav_count": 935, "retweet_count": 351, "mentions": [], "hashtags": [], "location": ""}
{"t": "2018-01-26:22:26:17", "id": 957016871844417536, "content": "RT @tdwilliamsrome: George Soros: President Trump Is Trying to \u2018Establish a Mafia State\u2019 - Breitbart https://t.co/zArswdFPb3", "source": "TweetDeck", "fav_count": 0, "retweet_count": 88, "mentions": [{"id": 1949367794, "indices": [3, 18], "id_str": "1949367794", "screen_name": "tdwilliamsrome", "name": "Thomas D. Williams"}], "hashtags": [], "location": ""}
{"t": "2018-01-26:21:57:28", "id": 957009618365857792, "content": "And yet it was good enough for our very impartial Mr. Comey and his FBI. https://t.co/Jsz1JOZzTc", "source": "SocialFlow", "fav_count": 383, "retweet_count": 162, "mentions": [], "hashtags": [], "location": ""}
{"t": "2018-01-26:21:28:04", "id": 957002222797295616, "content": "\ud83d\ude2d\ud83d\ude2d\ud83d\ude2d\ud83d\ude2d\ud83d\ude2d\ud83d\ude2d\ud83d\ude2d\ud83d\ude2d\ud83d\ude2d\ud83d\ude2d\ud83d\ude2d\ud83d\ude2d\ud83d\ude2d\ud83d\ude2d\ud83d\ude2d\ud83d\ude2d\ud83d\ude2d https://t.co/qFCilyrYkC", "source": "SocialFlow", "fav_count": 1191, "retweet_count": 274, "mentions": [], "hashtags": [], "location": ""}
{"t": "2018-01-26:20:58:44", "id": 956994840964796416, "content": "Shocker. https://t.co/kzswGMqCi2", "source": "SocialFlow", "fav_count": 175, "retweet_count": 73, "mentions": [], "hashtags": [], "location": ""}
{"t": "2018-01-26:20:30:42", "id": 956987784480378880, "content": "HMMMMMMMMMMMMMMMMM https://t.co/s7XdA6ojyv", "source": "SocialFlow", "fav_count": 252, "retweet_count": 186, "mentions": [], "hashtags": [], "location": ""}
{"t": "2018-01-26:20:00:53", "id": 956980280308518912, "content": "Tee hee. https://t.co/7KuwRZDbMO", "source": "SocialFlow", "fav_count": 129, "retweet_count": 45, "mentions": [], "hashtags": [], "location": ""}
{"t": "2018-01-26:19:31:17", "id": 956972833221087232, "content": "Huh. https://t.co/Q1egufjHR9", "source": "SocialFlow", "fav_count": 197, "retweet_count": 111, "mentions": [], "hashtags": [], "location": ""}
{"t": "2018-01-26:19:03:04", "id": 956965731853307905, "content": "Give 'em an inch... https://t.co/noOF5nQrrx", "source": "SocialFlow", "fav_count": 218, "retweet_count": 98, "mentions": [], "hashtags": [], "location": ""}
{"t": "2018-01-26:18:34:39", "id": 956958577746415618, "content": "Piers knows his priorities. https://t.co/tLRQdGfBcH", "source": "SocialFlow", "fav_count": 100, "retweet_count": 21, "mentions": [], "hashtags": [], "location": ""}
{"t": "2018-01-26:18:07:01", "id": 956951624274104320, "content": "\"The way many have been turned off by the NFL, I think people will equally be turned off by this model.\" https://t.co/IYAvmZUtJg", "source": "SocialFlow", "fav_count": 265, "retweet_count": 99, "mentions": [], "hashtags": [], "location": ""}
{"t": "2018-01-26:17:49:27", "id": 956947204572401665, "content": "RT @joelpollak: If the Democrats really cared about the \"Dreamers,\" they'd rush to take the deal, which is more than Trump's supporters are\u2026", "source": "TweetDeck", "fav_count": 0, "retweet_count": 217, "mentions": [{"id": 10292132, "indices": [3, 14], "id_str": "10292132", "screen_name": "joelpollak", "name": "Joel B. Pollak"}], "hashtags": [], "location": ""}
{"t": "2018-01-26:17:37:41", "id": 956944245335777280, "content": "Where is our COMPASSION https://t.co/vpWjZNfUVm", "source": "SocialFlow", "fav_count": 182, "retweet_count": 126, "mentions": [], "hashtags": [], "location": ""}
{"t": "2018-01-26:17:05:00", "id": 956936019458297856, "content": "me_irl https://t.co/mdOtRUhqma", "source": "SocialFlow", "fav_count": 150, "retweet_count": 77, "mentions": [], "hashtags": [], "location": ""}
{"t": "2018-01-26:16:33:59", "id": 956928215045627904, "content": "Demasiado peligroso. https://t.co/O2ffEefpGd", "source": "SocialFlow", "fav_count": 224, "retweet_count": 121, "mentions": [], "hashtags": [], "location": ""}
{"t": "2018-01-26:16:03:29", "id": 956920535467937792, "content": "\u201cAnimals don\u2019t treat their kids the way this guy treated this little girl.\u201d https://t.co/eA2hkVq79K", "source": "SocialFlow", "fav_count": 194, "retweet_count": 155, "mentions": [], "hashtags": [], "location": ""}
{"t": "2018-01-26:15:35:25", "id": 956913475451871237, "content": "!!! https://t.co/PDD9idZ2U7", "source": "SocialFlow", "fav_count": 145, "retweet_count": 59, "mentions": [], "hashtags": [], "location": ""}
{"t": "2018-01-26:15:08:39", "id": 956906738879553537, "content": "Great look for the midterms... https://t.co/PwQRY6l4lH", "source": "SocialFlow", "fav_count": 458, "retweet_count": 195, "mentions": [], "hashtags": [], "location": ""}
{"t": "2018-01-26:15:05:51", "id": 956906033137504258, "content": "RT @MichelleDiana: Trump's 2016 'Phoenix Promise': No Consideration of Amnesty Until 'Illegal Immigration Is Memory of the Past' https://t.\u2026", "source": "TweetDeck", "fav_count": 0, "retweet_count": 121, "mentions": [{"id": 44470739, "indices": [3, 17], "id_str": "44470739", "screen_name": "MichelleDiana", "name": "Michelle Moons"}], "hashtags": [], "location": ""}
{"t": "2018-01-26:14:17:56", "id": 956893974559633409, "content": "Charming. https://t.co/yV379ppKU5", "source": "SocialFlow", "fav_count": 489, "retweet_count": 436, "mentions": [], "hashtags": [], "location": ""}
{"t": "2018-01-26:13:52:50", "id": 956887658940203008, "content": "\"In a year when the Democrats impeach Trump, we can point to this moment.\" https://t.co/cV5Paobf7f", "source": "SocialFlow", "fav_count": 228, "retweet_count": 110, "mentions": [], "hashtags": [], "location": ""}
{"t": "2018-01-26:13:32:13", "id": 956882470166818816, "content": "RT @charliespiering: Trump tells national leaders, business titans in Davos have an obligation to the people that made them great", "source": "TweetDeck", "fav_count": 0, "retweet_count": 131, "mentions": [{"id": 16113700, "indices": [3, 19], "id_str": "16113700", "screen_name": "charliespiering", "name": "Charlie Spiering"}], "hashtags": [], "location": ""}
{"t": "2018-01-26:13:25:52", "id": 956880870731808768, "content": "The proposal also establishes, in writing, that the \u201cDreamers\u201d will be eligible for citizenship, not just legal res\u2026 https://t.co/rBPDyLR1fS", "source": "SocialFlow", "fav_count": 99, "retweet_count": 77, "mentions": [], "hashtags": [], "location": ""}
{"t": "2018-01-26:12:59:07", "id": 956874139201089537, "content": "Bedlam. https://t.co/4XQDDwf42n", "source": "SocialFlow", "fav_count": 116, "retweet_count": 52, "mentions": [], "hashtags": [], "location": ""}
{"t": "2018-01-26:12:30:21", "id": 956866901552062465, "content": "\"You can continue in this vein, it's your network; I assume your superiors think this is a proper way to conduct in\u2026 https://t.co/cNt2X77jaU", "source": "SocialFlow", "fav_count": 2040, "retweet_count": 762, "mentions": [], "hashtags": [], "location": ""}
{"t": "2018-01-26:12:01:32", "id": 956859648065396736, "content": "These are the people who you're giving intimate personal data... for free. https://t.co/bfSMFyCApK", "source": "SocialFlow", "fav_count": 156, "retweet_count": 170, "mentions": [], "hashtags": [], "location": ""}
{"t": "2018-01-26:04:44:45", "id": 956749727323705345, "content": "\"Not so long ago, most liberals were not fans of the Bureau, and yet now, they are quite\u2014quite!\u2014concerned about its\u2026 https://t.co/mxtR9qq0Ra", "source": "SocialFlow", "fav_count": 729, "retweet_count": 248, "mentions": [], "hashtags": [], "location": ""}
{"t": "2018-01-26:04:14:42", "id": 956742166813982722, "content": "Deplorables: Yea or nay? https://t.co/OVBRB9Evbs", "source": "SocialFlow", "fav_count": 311, "retweet_count": 148, "mentions": [], "hashtags": [], "location": ""}
{"t": "2018-01-26:03:48:08", "id": 956735480598552576, "content": "Thx 4 ur input. https://t.co/mBNsJXeCBS", "source": "SocialFlow", "fav_count": 80, "retweet_count": 20, "mentions": [], "hashtags": [], "location": ""}
{"t": "2018-01-26:03:18:50", "id": 956728108232708096, "content": "[serious tweet] GULP! https://t.co/uIb5aGtB3b", "source": "SocialFlow", "fav_count": 154, "retweet_count": 116, "mentions": [], "hashtags": [], "location": ""}
{"t": "2018-01-26:02:49:39", "id": 956720760671883264, "content": "BRB, vomiting forever. https://t.co/EqJK9y03e5", "source": "SocialFlow", "fav_count": 261, "retweet_count": 126, "mentions": [], "hashtags": [], "location": ""}
{"t": "2018-01-26:02:22:22", "id": 956713897658077184, "content": "Harsh but fair. https://t.co/Z4U8AWlcL2", "source": "SocialFlow", "fav_count": 1097, "retweet_count": 398, "mentions": [], "hashtags": [], "location": ""}
{"t": "2018-01-26:01:54:31", "id": 956706886283296770, "content": "Great look for the midterms... https://t.co/EZBUx9u6Fj", "source": "SocialFlow", "fav_count": 603, "retweet_count": 278, "mentions": [], "hashtags": [], "location": ""}
{"t": "2018-01-26:01:27:27", "id": 956700076201693185, "content": "So much karma for this champion of virtue signaling. https://t.co/WLbTfd8i9W", "source": "SocialFlow", "fav_count": 339, "retweet_count": 136, "mentions": [], "hashtags": [], "location": ""}
{"t": "2018-01-26:00:59:14", "id": 956692977073774594, "content": "Love too watch a literal shooting war because I don't have a wall blocking the view https://t.co/sN2zmH8LFp", "source": "SocialFlow", "fav_count": 216, "retweet_count": 143, "mentions": [], "hashtags": [], "location": ""}
{"t": "2018-01-26:00:31:30", "id": 956685994404794368, "content": "\"I have consistently distanced myself from him,\" Obama said 3 years after the photo was taken. https://t.co/kEGrff91xR", "source": "SocialFlow", "fav_count": 1123, "retweet_count": 796, "mentions": [], "hashtags": [], "location": ""}
{"t": "2018-01-26:00:02:24", "id": 956678673192677377, "content": "Nazi labels come at you fast. https://t.co/8X5aXxjuc6", "source": "SocialFlow", "fav_count": 299, "retweet_count": 118, "mentions": [], "hashtags": [], "location": ""}
{"t": "2018-01-25:23:32:15", "id": 956671084933283840, "content": "This oughta rustle some Davos jimmies... https://t.co/FOitxFz57y", "source": "SocialFlow", "fav_count": 360, "retweet_count": 156, "mentions": [], "hashtags": [], "location": ""}
{"t": "2018-01-25:23:08:36", "id": 956665131798286338, "content": "OH, THE HUMANITY!!! https://t.co/ej5Y36hXTQ", "source": "SocialFlow", "fav_count": 1210, "retweet_count": 322, "mentions": [], "hashtags": [], "location": ""}
{"t": "2018-01-25:22:35:55", "id": 956656908022288384, "content": "Seems leg\u00edtimo. https://t.co/F6H39p0cXM", "source": "SocialFlow", "fav_count": 166, "retweet_count": 124, "mentions": [], "hashtags": [], "location": ""}
{"t": "2018-01-25:22:04:10", "id": 956648920507191296, "content": "oh for sure m'lady https://t.co/30oUzTv1MU", "source": "SocialFlow", "fav_count": 143, "retweet_count": 50, "mentions": [], "hashtags": [], "location": ""}
{"t": "2018-01-25:21:35:26", "id": 956641687236956166, "content": "*sad trombone* https://t.co/wDihEowmpl", "source": "SocialFlow", "fav_count": 111, "retweet_count": 27, "mentions": [], "hashtags": [], "location": ""}
{"t": "2018-01-25:21:05:51", "id": 956634242158612486, "content": "\u201cWe\u2019re here to play football.\u201d https://t.co/CH3iu1cTdn", "source": "SocialFlow", "fav_count": 853, "retweet_count": 317, "mentions": [], "hashtags": [], "location": ""}
{"t": "2018-01-25:20:42:25", "id": 956628343725674496, "content": "RT @carney: WAIT! WHUT? A Day After Mnuchin's 'War on the Dollar,' Trump Says Dollar Will Get 'Stronger and Stronger' - Breitbart https://t\u2026", "source": "TweetDeck", "fav_count": 0, "retweet_count": 47, "mentions": [{"id": 1797991, "indices": [3, 10], "id_str": "1797991", "screen_name": "carney", "name": "John Carney"}], "hashtags": [], "location": ""}
{"t": "2018-01-25:20:36:51", "id": 956626942920454144, "content": "Everybody wants to choke us out! https://t.co/lCDKAWZlfw", "source": "SocialFlow", "fav_count": 148, "retweet_count": 62, "mentions": [], "hashtags": [], "location": ""}
{"t": "2018-01-25:20:06:48", "id": 956619381580197895, "content": "Here we go! https://t.co/15lvgiTsph", "source": "SocialFlow", "fav_count": 703, "retweet_count": 214, "mentions": [], "hashtags": [], "location": ""}
{"t": "2018-01-25:19:40:14", "id": 956612695285026823, "content": "Game on. https://t.co/zbs9pkv81z", "source": "SocialFlow", "fav_count": 1621, "retweet_count": 535, "mentions": [], "hashtags": [], "location": ""}
{"t": "2018-01-25:19:25:29", "id": 956608982914826241, "content": "Oh baby. https://t.co/e4jNyDOi3A", "source": "SocialFlow", "fav_count": 1087, "retweet_count": 351, "mentions": [], "hashtags": [], "location": ""}
{"t": "2018-01-25:17:43:02", "id": 956583201442615297, "content": "\u201cThe repercussions of standing up for yourself were as deep and targeted as some of the scars of the women who actu\u2026 https://t.co/CLro6GtNDQ", "source": "SocialFlow", "fav_count": 195, "retweet_count": 107, "mentions": [], "hashtags": [], "location": ""}
{"t": "2018-01-25:17:19:14", "id": 956577211032760321, "content": "RT @charliespiering: The WH Davos squad https://t.co/Z5SqH5uZF6", "source": "TweetDeck", "fav_count": 0, "retweet_count": 116, "mentions": [{"id": 16113700, "indices": [3, 19], "id_str": "16113700", "screen_name": "charliespiering", "name": "Charlie Spiering"}], "hashtags": [], "location": ""}
{"t": "2018-01-25:17:15:51", "id": 956576362353057792, "content": "Literally white knighting: \"if I don\u2019t know what it really means, I should not impugn the reputation of the FBI.\" https://t.co/P0Mfp3NUU2", "source": "SocialFlow", "fav_count": 230, "retweet_count": 86, "mentions": [], "hashtags": [], "location": ""}
{"t": "2018-01-25:16:49:09", "id": 956569640993542145, "content": "Woke NFL won't attract new customers who think the sport is barbaric and unhealthy! https://t.co/dBq3obyKDX", "source": "SocialFlow", "fav_count": 112, "retweet_count": 41, "mentions": [], "hashtags": [], "location": ""}
{"t": "2018-01-25:16:20:04", "id": 956562321006088194, "content": "My guess is too many skeletons in the closet. https://t.co/GpMPHV9AKf", "source": "SocialFlow", "fav_count": 1261, "retweet_count": 309, "mentions": [], "hashtags": [], "location": ""}
{"t": "2018-01-25:15:54:11", "id": 956555808543780865, "content": "Uh huh. https://t.co/GPCMROOZdg", "source": "SocialFlow", "fav_count": 279, "retweet_count": 96, "mentions": [], "hashtags": [], "location": ""}
{"t": "2018-01-25:15:40:16", "id": 956552306539016192, "content": "when the b8 is gr8 https://t.co/HfBBdyPm1V", "source": "TweetDeck", "fav_count": 54, "retweet_count": 10, "mentions": [], "hashtags": [], "location": ""}
{"t": "2018-01-25:15:13:36", "id": 956545595682054145, "content": "Gulp. https://t.co/IX9Fgsnjen", "source": "SocialFlow", "fav_count": 126, "retweet_count": 67, "mentions": [], "hashtags": [], "location": ""}
{"t": "2018-01-25:14:47:25", "id": 956539008728879107, "content": "Charming. https://t.co/HCxVSc3Lj6", "source": "SocialFlow", "fav_count": 761, "retweet_count": 822, "mentions": [], "hashtags": [], "location": ""}
{"t": "2018-01-25:14:19:00", "id": 956531855565705216, "content": "me\u262a\ufe0firl https://t.co/iXvyo6Jm82", "source": "SocialFlow", "fav_count": 131, "retweet_count": 68, "mentions": [], "hashtags": [], "location": ""}
{"t": "2018-01-25:13:49:56", "id": 956524541622317057, "content": "This oughta rustle some Davos jimmies... https://t.co/NeUSsrbMzn", "source": "SocialFlow", "fav_count": 765, "retweet_count": 339, "mentions": [], "hashtags": [], "location": ""}
{"t": "2018-01-25:13:23:01", "id": 956517767456481280, "content": "What a concept. https://t.co/IDC57kqgzM", "source": "SocialFlow", "fav_count": 340, "retweet_count": 120, "mentions": [], "hashtags": [], "location": ""}
{"t": "2018-01-25:12:56:01", "id": 956510971329040385, "content": "\ud83d\udc14\ud83d\udc14\ud83d\udc14\ud83d\udc14\ud83d\udc14\ud83d\udc14\ud83d\udc14\ud83d\udc14\ud83d\udc14\ud83d\udc14\ud83d\udc14\ud83d\udc14\ud83d\udc14\ud83d\udc14\ud83d\udc14\ud83d\udc14\ud83d\udc14\ud83d\udc14\ud83d\udc14\ud83d\udc14\ud83d\udc14\ud83d\udc14\ud83d\udc14\ud83d\udc14\ud83d\udc14\ud83d\udc14\ud83d\udc14\ud83d\udc14\ud83d\udc14\ud83d\udc14\ud83d\udc14\ud83d\udc14\ud83d\udc14\ud83d\udc14\ud83d\udc14\ud83d\udc14\ud83d\udc14\ud83d\udc14\ud83d\udc14\ud83d\udc14\ud83d\udc14\ud83d\udc14\ud83d\udc14\ud83d\udc14\ud83d\udc14\ud83d\udc14\ud83d\udc14\ud83d\udc14\ud83d\udc14\ud83d\udc14\ud83d\udc14\ud83d\udc14\ud83d\udc14\ud83d\udc14\ud83d\udc14\ud83d\udc14\ud83d\udc14\ud83d\udc14\ud83d\udc14\ud83d\udc14\ud83d\udc14\ud83d\udc14\ud83d\udc14\ud83d\udc14 https://t.co/mf9FlkHMkv", "source": "SocialFlow", "fav_count": 1290, "retweet_count": 494, "mentions": [], "hashtags": [], "location": ""}
{"t": "2018-01-25:12:30:55", "id": 956504654254346240, "content": "Who next? #FreeRaheem https://t.co/ni2hH0oEsK", "source": "SocialFlow", "fav_count": 271, "retweet_count": 197, "mentions": [], "hashtags": [{"indices": [10, 21], "text": "FreeRaheem"}], "location": ""}
{"t": "2018-01-25:12:02:00", "id": 956497377552150528, "content": "\ud83e\udd14 https://t.co/liks6WMrdE", "source": "SocialFlow", "fav_count": 126, "retweet_count": 80, "mentions": [], "hashtags": [], "location": ""}
{"t": "2018-01-25:04:51:56", "id": 956389147744325632, "content": "NOOOOOO https://t.co/WttAvSThHb", "source": "SocialFlow", "fav_count": 185, "retweet_count": 60, "mentions": [], "hashtags": [], "location": ""}
{"t": "2018-01-25:04:22:31", "id": 956381745460469761, "content": "These are the people who you're giving intimate personal data... for free. https://t.co/5CUsZPXOD5", "source": "SocialFlow", "fav_count": 362, "retweet_count": 292, "mentions": [], "hashtags": [], "location": ""}
{"t": "2018-01-25:03:54:10", "id": 956374609275899907, "content": "Too bad, so sad. https://t.co/AS9JtSAn9f", "source": "SocialFlow", "fav_count": 1001, "retweet_count": 338, "mentions": [], "hashtags": [], "location": ""}
{"t": "2018-01-25:03:26:21", "id": 956367611524038657, "content": "Don't cross Blue Check Marks while they are engaged in serious thinkfluencing https://t.co/mZSDhYXVu9", "source": "SocialFlow", "fav_count": 173, "retweet_count": 114, "mentions": [], "hashtags": [], "location": ""}
{"t": "2018-01-25:02:57:21", "id": 956360311837265920, "content": "oh for sure m'lady https://t.co/nDMiKiVfJZ", "source": "SocialFlow", "fav_count": 229, "retweet_count": 76, "mentions": [], "hashtags": [], "location": ""}
{"t": "2018-01-25:02:25:55", "id": 956352402826977280, "content": "Stay on target. https://t.co/JzgN7YzaEZ", "source": "SocialFlow", "fav_count": 137, "retweet_count": 60, "mentions": [], "hashtags": [], "location": ""}
{"t": "2018-01-25:01:55:24", "id": 956344724188737536, "content": "When u know de wae. https://t.co/DNXyunk1At", "source": "SocialFlow", "fav_count": 815, "retweet_count": 288, "mentions": [], "hashtags": [], "location": ""}
{"t": "2018-01-25:01:26:43", "id": 956337506064183296, "content": "Oh baby. https://t.co/aha5bFPa9m", "source": "SocialFlow", "fav_count": 2049, "retweet_count": 655, "mentions": [], "hashtags": [], "location": ""}
{"t": "2018-01-25:00:56:22", "id": 956329867775299584, "content": "Big if true. https://t.co/2lrPbl7tCa", "source": "SocialFlow", "fav_count": 110, "retweet_count": 36, "mentions": [], "hashtags": [], "location": ""}
{"t": "2018-01-25:00:26:55", "id": 956322456846745600, "content": "\"You could run for president on the platform that we should kill babies and eat them, and you\u2019d get more votes than\u2026 https://t.co/Msx2a90MrL", "source": "SocialFlow", "fav_count": 1898, "retweet_count": 520, "mentions": [], "hashtags": [], "location": ""}
{"t": "2018-01-24:23:56:28", "id": 956314793278869504, "content": "Makes u think https://t.co/jN2K4icA5H", "source": "SocialFlow", "fav_count": 820, "retweet_count": 510, "mentions": [], "hashtags": [], "location": ""}
{"t": "2018-01-24:23:26:10", "id": 956307164578172928, "content": "And after that, I meet my totem spirit\nIt's a rattlesnake, so I have to kill it\nThen I drink all his blood and stea\u2026 https://t.co/2v8JOH19g1", "source": "SocialFlow", "fav_count": 102, "retweet_count": 52, "mentions": [], "hashtags": [], "location": ""}
{"t": "2018-01-24:23:03:04", "id": 956301354896711680, "content": "Rigged system. https://t.co/vAFd4RZzFj", "source": "SocialFlow", "fav_count": 756, "retweet_count": 350, "mentions": [], "hashtags": [], "location": ""}
{"t": "2018-01-24:22:33:31", "id": 956293918034972673, "content": "Marshall says that the \u201cDACA kids\u201d he\u2019s met hold \u201cconservative values\u201d and would eventually vote Republican if amne\u2026 https://t.co/zapOe6MXoJ", "source": "SocialFlow", "fav_count": 238, "retweet_count": 110, "mentions": [], "hashtags": [], "location": ""}
{"t": "2018-01-24:22:03:37", "id": 956286391830409216, "content": "Bye! https://t.co/MzjK5XGmMg", "source": "SocialFlow", "fav_count": 477, "retweet_count": 142, "mentions": [], "hashtags": [], "location": ""}
{"t": "2018-01-24:21:30:09", "id": 956277969344966657, "content": "Skeered. https://t.co/fERKnW2huw", "source": "SocialFlow", "fav_count": 108, "retweet_count": 64, "mentions": [], "hashtags": [], "location": ""}
{"t": "2018-01-24:20:58:16", "id": 956269945633103872, "content": "He tweets because he cares. https://t.co/wICa9izMNr", "source": "SocialFlow", "fav_count": 47, "retweet_count": 17, "mentions": [], "hashtags": [], "location": ""}
{"t": "2018-01-24:20:56:35", "id": 956269521932902405, "content": "RT @charliespiering: When you show up at Davos to warn about global warming and there is 14 ft of snow https://t.co/xyiAATmU88", "source": "TweetDeck", "fav_count": 0, "retweet_count": 2857, "mentions": [{"id": 16113700, "indices": [3, 19], "id_str": "16113700", "screen_name": "charliespiering", "name": "Charlie Spiering"}], "hashtags": [], "location": ""}
{"t": "2018-01-24:20:28:11", "id": 956262376919240710, "content": "Too bad, so sad. https://t.co/mEbpniw7zu", "source": "SocialFlow", "fav_count": 924, "retweet_count": 390, "mentions": [], "hashtags": [], "location": ""}
{"t": "2018-01-24:19:56:52", "id": 956254496602185729, "content": "Do want. https://t.co/c9rM0SKQlG", "source": "SocialFlow", "fav_count": 605, "retweet_count": 241, "mentions": [], "hashtags": [], "location": ""}
{"t": "2018-01-24:19:27:10", "id": 956247020708253696, "content": "U\nwill\nNEVAH\nbe\nS\nJ\ncompliant\nenuf https://t.co/nq72va1G3u", "source": "SocialFlow", "fav_count": 260, "retweet_count": 79, "mentions": [], "hashtags": [], "location": ""}
{"t": "2018-01-24:18:56:11", "id": 956239221232152576, "content": "Don't cross Blue Check Marks while they are engaged in serious thinkfluencing https://t.co/Km5Mr8Rf47", "source": "SocialFlow", "fav_count": 178, "retweet_count": 126, "mentions": [], "hashtags": [], "location": ""}
{"t": "2018-01-24:18:27:44", "id": 956232062331244549, "content": "1968: Soon we'll have flying cars!\n2018: https://t.co/omPwbpZuYD", "source": "SocialFlow", "fav_count": 226, "retweet_count": 80, "mentions": [], "hashtags": [], "location": ""}
{"t": "2018-01-24:18:00:55", "id": 956225313058500609, "content": "Why wait? https://t.co/gg7b8MIpKb", "source": "SocialFlow", "fav_count": 971, "retweet_count": 335, "mentions": [], "hashtags": [], "location": ""}
{"t": "2018-01-24:17:30:39", "id": 956217696512872449, "content": "Sure, whatever. https://t.co/6161jckC5V", "source": "SocialFlow", "fav_count": 122, "retweet_count": 31, "mentions": [], "hashtags": [], "location": ""}
{"t": "2018-01-24:16:59:54", "id": 956209957396983809, "content": "\"They have no voice of authority here anymore for me.\" https://t.co/sxlrWNj1Oc", "source": "SocialFlow", "fav_count": 82, "retweet_count": 42, "mentions": [], "hashtags": [], "location": ""}
{"t": "2018-01-24:16:34:28", "id": 956203558843703297, "content": "Has Adam Schiff claimed the title of Dumbest Man on the Internet? https://t.co/f0iqHlupQ2", "source": "SocialFlow", "fav_count": 1306, "retweet_count": 512, "mentions": [], "hashtags": [], "location": ""}
{"t": "2018-01-24:16:13:04", "id": 956198172145192960, "content": "Aww, baleeted. https://t.co/JO1bu7VGwO", "source": "TweetDeck", "fav_count": 40, "retweet_count": 15, "mentions": [], "hashtags": [], "location": ""}
{"t": "2018-01-24:16:11:14", "id": 956197709987315712, "content": "(46 Google search results dating back to October 2017 for \"larry nassar site:https://t.co/2sVbt3EHKo\")\n\nInternet 10\u2026 https://t.co/jO0Jc1xR4W", "source": "TweetDeck", "fav_count": 49, "retweet_count": 18, "mentions": [], "hashtags": [], "location": ""}
{"t": "2018-01-24:16:10:09", "id": 956197441488945152, "content": "The polling must have been brutal. https://t.co/VrviNXrmUY", "source": "SocialFlow", "fav_count": 516, "retweet_count": 155, "mentions": [], "hashtags": [], "location": ""}
{"t": "2018-01-24:16:04:09", "id": 956195927370469376, "content": "RT @francesmartel: Please do not judge us Catholics by the Vatican, which is a government just like any other https://t.co/m7WAnCrQon", "source": "TweetDeck", "fav_count": 0, "retweet_count": 83, "mentions": [{"id": 99356173, "indices": [3, 17], "id_str": "99356173", "screen_name": "francesmartel", "name": "Frances Martel"}], "hashtags": [], "location": ""}
{"t": "2018-01-24:15:49:28", "id": 956192234193420288, "content": "Comment sections on Bitcoin poasts are always lit https://t.co/yA9egMJOB3", "source": "TweetDeck", "fav_count": 40, "retweet_count": 12, "mentions": [], "hashtags": [], "location": ""}
{"t": "2018-01-24:15:39:24", "id": 956189700301127680, "content": "Extreme vetting: Better late than never! https://t.co/XMPf0rcypI", "source": "SocialFlow", "fav_count": 288, "retweet_count": 167, "mentions": [], "hashtags": [], "location": ""}
{"t": "2018-01-24:15:10:27", "id": 956182414308663298, "content": "Ah yes, that \"warmonger\" who defended the homeland against Nazi aggression. https://t.co/3xeAIADliP", "source": "SocialFlow", "fav_count": 480, "retweet_count": 255, "mentions": [], "hashtags": [], "location": ""}
{"t": "2018-01-24:14:27:02", "id": 956171487991525376, "content": "\ud83d\udc14\ud83d\udc14\ud83d\udc14\ud83d\udc14\ud83d\udc14\ud83d\udc14\ud83d\udc14\ud83d\udc14\ud83d\udc14\ud83d\udc14\ud83d\udc14\ud83d\udc14\ud83d\udc14\ud83d\udc14\ud83d\udc14\ud83d\udc14\ud83d\udc14\ud83d\udc14\ud83d\udc14\ud83d\udc14\ud83d\udc14\ud83d\udc14\ud83d\udc14\ud83d\udc14\ud83d\udc14\ud83d\udc14\ud83d\udc14\ud83d\udc14\ud83d\udc14\ud83d\udc14\ud83d\udc14\ud83d\udc14\ud83d\udc14\ud83d\udc14\ud83d\udc14\ud83d\udc14\ud83d\udc14\ud83d\udc14\ud83d\udc14\ud83d\udc14\ud83d\udc14\ud83d\udc14\ud83d\udc14\ud83d\udc14\ud83d\udc14\ud83d\udc14\ud83d\udc14\ud83d\udc14\ud83d\udc14\ud83d\udc14\ud83d\udc14\ud83d\udc14\ud83d\udc14\ud83d\udc14\ud83d\udc14\ud83d\udc14\ud83d\udc14\ud83d\udc14\ud83d\udc14\ud83d\udc14\ud83d\udc14\ud83d\udc14\ud83d\udc14\ud83d\udc14 https://t.co/HHEn0N7WYy", "source": "SocialFlow", "fav_count": 1009, "retweet_count": 373, "mentions": [], "hashtags": [], "location": ""}
{"t": "2018-01-24:14:00:46", "id": 956164880847065088, "content": "There's a relevant passage on this theme from Rules for Radicals. https://t.co/LLYO7y0Uzg", "source": "SocialFlow", "fav_count": 497, "retweet_count": 209, "mentions": [], "hashtags": [], "location": ""}
{"t": "2018-01-24:13:31:23", "id": 956157483558559744, "content": "Makes u think https://t.co/IA6cesbot4", "source": "SocialFlow", "fav_count": 1193, "retweet_count": 682, "mentions": [], "hashtags": [], "location": ""}
{"t": "2018-01-24:13:04:22", "id": 956150686890291200, "content": "Marshall says that the \u201cDACA kids\u201d he\u2019s met hold \u201cconservative values\u201d and would eventually vote Republican if amne\u2026 https://t.co/ff29U1zPjQ", "source": "SocialFlow", "fav_count": 368, "retweet_count": 157, "mentions": [], "hashtags": [], "location": ""}
{"t": "2018-01-24:12:43:58", "id": 956145549715046402, "content": "RT @Doc_0: You only get headlines like this when the writers understand the actual story so poorly that they don't realize Trump is sarcast\u2026", "source": "TweetDeck", "fav_count": 0, "retweet_count": 392, "mentions": [{"id": 72579376, "indices": [3, 9], "id_str": "72579376", "screen_name": "Doc_0", "name": "John Hayward"}], "hashtags": [], "location": ""}
{"t": "2018-01-24:12:25:30", "id": 956140902539579393, "content": "Wut. https://t.co/bLlZ3MNzIk", "source": "SocialFlow", "fav_count": 64, "retweet_count": 54, "mentions": [], "hashtags": [], "location": ""}
{"t": "2018-01-24:08:06:22", "id": 956075689974947841, "content": "RT @zackstanton: When you search \"Lisa Page\" right now, of the three top news stories Google spits out, two are from Breitbart and the othe\u2026", "source": "TweetDeck", "fav_count": 0, "retweet_count": 85, "mentions": [{"id": 28615164, "indices": [3, 15], "id_str": "28615164", "screen_name": "zackstanton", "name": "Zack Stanton"}], "hashtags": [], "location": ""}
{"t": "2018-01-24:03:08:41", "id": 956000775867650048, "content": "me\u262a\ufe0firl https://t.co/MhQu6wu6Ld", "source": "SocialFlow", "fav_count": 243, "retweet_count": 142, "mentions": [], "hashtags": [], "location": ""}
{"t": "2018-01-24:02:39:28", "id": 955993426348126211, "content": "Rigged system. https://t.co/hd5ttoG0X8", "source": "SocialFlow", "fav_count": 1674, "retweet_count": 824, "mentions": [], "hashtags": [], "location": ""}
{"t": "2018-01-24:02:09:49", "id": 955985964429643777, "content": "Two words: Irreversibly compromised. https://t.co/6Rg5gMRvFi", "source": "SocialFlow", "fav_count": 521, "retweet_count": 258, "mentions": [], "hashtags": [], "location": ""}
{"t": "2018-01-24:01:38:56", "id": 955978188475289605, "content": "He knows. https://t.co/6O2jO06H7b", "source": "SocialFlow", "fav_count": 1556, "retweet_count": 547, "mentions": [], "hashtags": [], "location": ""}
{"t": "2018-01-24:01:07:00", "id": 955970152172048385, "content": "The future is female. https://t.co/TD86CQ3OGh", "source": "SocialFlow", "fav_count": 104, "retweet_count": 21, "mentions": [], "hashtags": [], "location": ""}
{"t": "2018-01-24:00:36:17", "id": 955962423378366464, "content": "All these flavors... and you choose to be so salty https://t.co/6F1L32YJnh", "source": "SocialFlow", "fav_count": 307, "retweet_count": 102, "mentions": [], "hashtags": [], "location": ""}
{"t": "2018-01-24:00:35:21", "id": 955962190850379777, "content": "RT @JxhnBinder: Lindsey Graham claims Stephen Miller's views on immigration are an \"outlier.\" But a new Harvard-Harris poll shows that it\u2019s\u2026", "source": "TweetDeck", "fav_count": 0, "retweet_count": 719, "mentions": [{"id": 32304381, "indices": [3, 14], "id_str": "32304381", "screen_name": "JxhnBinder", "name": "John Binder \ud83d\udc7d"}], "hashtags": [], "location": ""}
{"t": "2018-01-24:00:05:32", "id": 955954687706005504, "content": "Oh, so they knew this was just a cynical excuse to go fishing? https://t.co/lsSjtA1JB1", "source": "SocialFlow", "fav_count": 664, "retweet_count": 307, "mentions": [], "hashtags": [], "location": ""}
{"t": "2018-01-23:23:41:56", "id": 955948746566787073, "content": "This doesn't make up for the fact that they forced thousands of their old employees to train H1B replacements \u2014 or\u2026 https://t.co/tNovPvPNny", "source": "SocialFlow", "fav_count": 530, "retweet_count": 235, "mentions": [], "hashtags": [], "location": ""}
{"t": "2018-01-23:23:24:55", "id": 955944464555696130, "content": "RT @AmandaLeeHouse: Watch: Dreamers just stormed @SenSchumer's house in NYC demanding amnesty https://t.co/gUJgpjNI2M", "source": "TweetDeck", "fav_count": 0, "retweet_count": 396, "mentions": [{"id": 271160889, "indices": [3, 18], "id_str": "271160889", "screen_name": "AmandaLeeHouse", "name": "Amanda House"}, {"id": 17494010, "indices": [49, 60], "id_str": "17494010", "screen_name": "SenSchumer", "name": "Chuck Schumer"}], "hashtags": [], "location": ""}
{"t": "2018-01-23:23:11:06", "id": 955940989163704321, "content": "NOOOOOO https://t.co/kx6gV02vZb", "source": "SocialFlow", "fav_count": 191, "retweet_count": 61, "mentions": [], "hashtags": [], "location": ""}
{"t": "2018-01-29:19:15:38", "id": 958056058571894786, "content": "Well, they're at least half right... https://t.co/Iqxp699d4q", "source": "SocialFlow", "fav_count": 52, "retweet_count": 19, "mentions": [], "hashtags": [], "location": ""}
{"t": "2018-01-29:19:40:00", "id": 958062188035493889, "content": "This guy doesn't seem very familiar with the \"Read Everything in Bad Faith\" state of news. https://t.co/WuYGhP5FHs", "source": "SocialFlow", "fav_count": 0, "retweet_count": 0, "mentions": [], "hashtags": [], "location": ""}
{"t": "2018-01-29:20:10:40", "id": 958069907110944771, "content": "Is #MeToo creating a showbiz civil war? https://t.co/ihRO3z2RBp", "source": "SocialFlow", "fav_count": 40, "retweet_count": 17, "mentions": [], "hashtags": [{"indices": [3, 9], "text": "MeToo"}], "location": ""}
{"t": "2018-01-29:20:35:17", "id": 958076102609694721, "content": "RT @JxhnBinder: Dave Brat: White House Amnesty Plan \u2018Does Not Represent Promises President Trump Made to the American People\u2019\nhttps://t.co/\u2026", "source": "TweetDeck", "fav_count": 0, "retweet_count": 2, "mentions": [{"id": 32304381, "indices": [3, 14], "id_str": "32304381", "screen_name": "JxhnBinder", "name": "John Binder \ud83d\udc7d"}], "hashtags": [], "location": ""}
{"t": "2018-01-29:20:42:09", "id": 958077831543775234, "content": "... https://t.co/T7XZyijdia", "source": "SocialFlow", "fav_count": 3, "retweet_count": 4, "mentions": [], "hashtags": [], "location": ""}
{"t": "2018-01-29:21:13:15", "id": 958085656219176967, "content": "TRUE\nSOCIALISM\nHAS\nNEVAH\nBEEN\nTRIED https://t.co/88VSRclCiS", "source": "SocialFlow", "fav_count": 31, "retweet_count": 18, "mentions": [], "hashtags": [], "location": ""}
{"t": "2018-01-29:21:45:11", "log_time": "2018-01-29:22:00:10", "id": 958093693981995014, "content": "ME RN https://t.co/MPGVfHo0q3", "source": "TweetDeck", "fav_count": 57, "retweet_count": 13, "mentions": [], "hashtags": [], "location": ""}
{"t": "2018-01-29:21:36:09", "log_time": "2018-01-29:22:00:10", "id": 958091417666097152, "content": "WHAT HAVE WE DONE https://t.co/2s7VymsU1W", "source": "TweetDeck", "fav_count": 136, "retweet_count": 22, "mentions": [], "hashtags": [], "location": ""}
{"t": "2018-01-29:21:34:23", "log_time": "2018-01-29:22:00:10", "id": 958090976786075651, "content": "OH MY G*SH https://t.co/UHfbkF4tyU", "source": "TweetDeck", "fav_count": 82, "retweet_count": 24, "mentions": [], "hashtags": [], "location": ""}
{"t": "2018-01-29:21:17:03", "log_time": "2018-01-29:22:00:10", "id": 958086611262214145, "content": "NYT: Republicans Pounce! https://t.co/CqfG2JcN0g", "source": "TweetDeck", "fav_count": 235, "retweet_count": 126, "mentions": [], "hashtags": [], "location": ""}
{"t": "2018-01-29:22:08:36", "screen_name": "BreitbartNews", "log_time": "2018-01-29:22:26:19", "id": 958099584126988289, "content": "Sure you do, now that it means downward social velocity. https://t.co/Hsdzt7jmGY", "source": "SocialFlow", "fav_count": 113, "retweet_count": 40, "mentions": [], "hashtags": [], "location": ""}
{"t": "2018-01-29:22:40:01", "screen_name": "BreitbartNews", "log_time": "2018-01-29:22:40:36", "id": 958107491379838976, "content": "Instant karma. https://t.co/1lXyo4rsxE", "source": "SocialFlow", "fav_count": 4, "retweet_count": 1, "mentions": [], "hashtags": [], "location": ""}
{"t": "2018-01-29:23:10:04", "screen_name": "BreitbartNews", "log_time": "2018-01-29:23:11:01", "id": 958115055551369216, "content": "Nailed it. https://t.co/K9F3FHtOPD", "source": "SocialFlow", "fav_count": 6, "retweet_count": 1, "mentions": [], "hashtags": [], "location": ""}
{"t": "2018-01-29:23:41:39", "screen_name": "BreitbartNews", "log_time": "2018-01-29:23:42:27", "id": 958123004214611968, "content": "Thiiiiis is gonna get ugly. https://t.co/4ALSS9BVQ2", "source": "SocialFlow", "fav_count": 5, "retweet_count": 3, "mentions": [], "hashtags": [], "location": ""}
{"t": "2018-01-30:00:12:24", "screen_name": "BreitbartNews", "log_time": "2018-01-30:00:13:00", "id": 958130739710713856, "content": "How compassionate. https://t.co/StlHhRSjF3", "source": "SocialFlow", "fav_count": 2, "retweet_count": 3, "mentions": [], "hashtags": [], "location": ""}
{"t": "2018-01-30:00:42:52", "screen_name": "BreitbartNews", "log_time": "2018-01-30:00:43:09", "id": 958138408135725061, "content": "Couldn't rock the boat. https://t.co/SaN4sHrMpQ", "source": "SocialFlow", "fav_count": 1, "retweet_count": 1, "mentions": [], "hashtags": [], "location": ""}
{"t": "2018-01-30:01:13:53", "screen_name": "BreitbartNews", "log_time": "2018-01-30:01:14:50", "id": 958146214469435392, "content": "Bad company. https://t.co/1JXONs9C0v", "source": "SocialFlow", "fav_count": 18, "retweet_count": 10, "mentions": [], "hashtags": [], "location": ""}
{"t": "2018-01-30:01:31:50", "screen_name": "BreitbartNews", "log_time": "2018-01-30:01:32:50", "id": 958150732401782784, "content": "RT @JxhnBinder: The sanctuary city crackdown provisions are quite literally crossed out with red ink in the White House immigration draft p\u2026", "source": "TweetDeck", "fav_count": 0, "retweet_count": 4, "mentions": [{"id": 32304381, "indices": [3, 14], "id_str": "32304381", "screen_name": "JxhnBinder", "name": "John Binder \ud83d\udc7d"}], "hashtags": [], "location": ""}
{"t": "2018-01-30:01:45:58", "screen_name": "BreitbartNews", "log_time": "2018-01-30:01:46:14", "id": 958154287951024134, "content": "Someday we'll all admit that Breitbart fashion reviews are the only ones we actually read. https://t.co/RzvorBWj58", "source": "SocialFlow", "fav_count": 0, "retweet_count": 0, "mentions": [], "hashtags": [], "location": ""}
{"t": "2018-01-30:02:13:28", "screen_name": "BreitbartNews", "log_time": "2018-01-30:02:13:31", "id": 958161207025913856, "content": "I mean, I can get quite petty... but come on! https://t.co/XpYjcg0bvo", "source": "SocialFlow", "fav_count": 0, "retweet_count": 0, "mentions": [], "hashtags": [], "location": ""}
{"t": "2018-01-30:02:43:10", "screen_name": "BreitbartNews", "log_time": "2018-01-30:02:44:07", "id": 958168682231926784, "content": "Have fun elsewhere! https://t.co/pSYWvZEDZw", "source": "SocialFlow", "fav_count": 2, "retweet_count": 0, "mentions": [], "hashtags": [], "location": ""}
{"t": "2018-01-30:03:12:46", "screen_name": "BreitbartNews", "log_time": "2018-01-30:03:12:50", "id": 958176132280569856, "content": "Le Breitbart Take. https://t.co/uatIRxKt86", "source": "SocialFlow", "fav_count": 0, "retweet_count": 0, "mentions": [], "hashtags": [], "location": ""}
{"t": "2018-01-30:03:41:49", "screen_name": "BreitbartNews", "log_time": "2018-01-30:03:42:27", "id": 958183444223275008, "content": "Oh hey, Peter's got a new book, NBD... https://t.co/0mLPkM9W0g", "source": "SocialFlow", "fav_count": 0, "retweet_count": 0, "mentions": [], "hashtags": [], "location": ""}
{"t": "2018-01-30:04:11:24", "screen_name": "BreitbartNews", "log_time": "2018-01-30:04:11:39", "id": 958190887154208769, "content": "Breitbart would literally pay me to watch it and I still didn't bother. https://t.co/aUy4j1kKMv", "source": "SocialFlow", "fav_count": 2, "retweet_count": 0, "mentions": [], "hashtags": [], "location": ""}
{"t": "2018-01-30:04:43:13", "screen_name": "BreitbartNews", "log_time": "2018-01-30:04:43:19", "id": 958198893778538502, "content": "Um. https://t.co/wbNslHi1kN", "source": "SocialFlow", "fav_count": 0, "retweet_count": 0, "mentions": [], "hashtags": [], "location": ""}
